2026-05-19 16:29:20 - INFO - Successfully loaded lab_hosts.yml
2026-05-19 16:29:20 - INFO - Successfully loaded lab_config_template.j2
2026-05-19 16:29:20 - INFO - ============================================================
2026-05-19 16:29:20 - INFO - Connecting to R1 (192.168.1.101)
2026-05-19 16:29:20 - INFO - ============================================================
2026-05-19 16:29:20 - INFO - Config generated for R1 successfully
2026-05-19 16:29:20 - DEBUG - Generated config for R1:
hostname R1
no ip domain lookup
!
line con 0
 logging synchronous
 exit
!
interface Loopback0
 ip address 150.1.1.1 255.255.255.255
 no shutdown
!
interface GigabitEthernet1
 no shutdown
!
interface GigabitEthernet1.12
 encapsulation dot1Q 12
 ip address 155.1.12.1 255.255.255.0
 no shutdown
!
interface GigabitEthernet1.13
 encapsulation dot1Q 13
 ip address 155.1.13.1 255.255.255.0
 no shutdown
!
interface GigabitEthernet1.14
 encapsulation dot1Q 14
 ip address 155.1.14.1 255.255.255.0
 no shutdown
!
router rip
 version 2
 network 155.1.12.0
 network 155.1.13.0
 network 155.1.14.0
 network 150.1.1.0
 no auto-summary
 exit
!
line vty 0 4
 login local
 transport input all
 exit
2026-05-19 16:29:20 - DEBUG - starting thread (client mode): 0xbb788490
2026-05-19 16:29:20 - DEBUG - Local version/idstring: SSH-2.0-paramiko_3.5.1
2026-05-19 16:29:20 - DEBUG - Remote version/idstring: SSH-2.0-Cisco-1.25
2026-05-19 16:29:20 - INFO - Connected (version 2.0, client Cisco-1.25)
2026-05-19 16:29:20 - DEBUG - === Key exchange possibilities ===
2026-05-19 16:29:20 - DEBUG - kex algos: diffie-hellman-group-exchange-sha1, diffie-hellman-group14-sha1
2026-05-19 16:29:20 - DEBUG - server key: ssh-rsa
2026-05-19 16:29:20 - DEBUG - client encrypt: aes128-ctr, aes192-ctr, aes256-ctr
2026-05-19 16:29:20 - DEBUG - server encrypt: aes128-ctr, aes192-ctr, aes256-ctr
2026-05-19 16:29:20 - DEBUG - client mac: hmac-sha2-256, hmac-sha2-512, hmac-sha1, hmac-sha1-96
2026-05-19 16:29:20 - DEBUG - server mac: hmac-sha2-256, hmac-sha2-512, hmac-sha1, hmac-sha1-96
2026-05-19 16:29:20 - DEBUG - client compress: none
2026-05-19 16:29:20 - DEBUG - server compress: none
2026-05-19 16:29:20 - DEBUG - client lang: <none>
2026-05-19 16:29:20 - DEBUG - server lang: <none>
2026-05-19 16:29:20 - DEBUG - kex follows: False
2026-05-19 16:29:20 - DEBUG - === Key exchange agreements ===
2026-05-19 16:29:20 - DEBUG - Kex: diffie-hellman-group-exchange-sha1
2026-05-19 16:29:20 - DEBUG - HostKey: ssh-rsa
2026-05-19 16:29:20 - DEBUG - Cipher: aes128-ctr
2026-05-19 16:29:20 - DEBUG - MAC: hmac-sha2-256
2026-05-19 16:29:20 - DEBUG - Compression: none
2026-05-19 16:29:20 - DEBUG - === End of kex handshake ===
2026-05-19 16:29:20 - DEBUG - Got server p (2048 bits)
2026-05-19 16:29:20 - DEBUG - kex engine KexGex specified hash_algo <built-in function openssl_sha1>
2026-05-19 16:29:20 - DEBUG - Switch to new keys ...
2026-05-19 16:29:20 - DEBUG - Adding ssh-rsa host key for 192.168.1.101: b'c20d519e9e00ac29f2c1bcda664dc09f'
2026-05-19 16:29:21 - DEBUG - userauth is OK
2026-05-19 16:29:21 - INFO - Authentication (password) successful!
2026-05-19 16:29:21 - DEBUG - [chan 0] Max packet in: 32768 bytes
2026-05-19 16:29:21 - DEBUG - [chan 0] Max packet out: 4096 bytes
2026-05-19 16:29:21 - DEBUG - Secsh channel 0 opened.
2026-05-19 16:29:21 - DEBUG - [chan 0] Sesch channel 0 request ok
2026-05-19 16:29:21 - DEBUG - [chan 0] Sesch channel 0 request ok
2026-05-19 16:29:21 - DEBUG - write_channel: b'\n'
2026-05-19 16:29:21 - DEBUG - write_channel: b'terminal width 511\n'
2026-05-19 16:29:21 - DEBUG - read_channel: R1#
R1#
2026-05-19 16:29:21 - DEBUG - read_channel: ter
2026-05-19 16:29:21 - DEBUG - read_channel: min
2026-05-19 16:29:21 - DEBUG - read_channel: al
2026-05-19 16:29:21 - DEBUG - read_channel:  w
2026-05-19 16:29:21 - DEBUG - read_channel: idth 
2026-05-19 16:29:21 - DEBUG - read_channel: 511
R1#
2026-05-19 16:29:21 - DEBUG - Pattern found: (terminal width 511) R1#
R1#terminal width 511
2026-05-19 16:29:21 - DEBUG - In disable_paging
2026-05-19 16:29:21 - DEBUG - Command: terminal length 0

2026-05-19 16:29:21 - DEBUG - write_channel: b'terminal length 0\n'
2026-05-19 16:29:21 - DEBUG - read_channel: 
2026-05-19 16:29:21 - DEBUG - read_channel: 
2026-05-19 16:29:21 - DEBUG - read_channel: t
2026-05-19 16:29:21 - DEBUG - read_channel: er
2026-05-19 16:29:21 - DEBUG - read_channel: mina
2026-05-19 16:29:21 - DEBUG - read_channel: l leng
2026-05-19 16:29:21 - DEBUG - read_channel: th 0
R1#
2026-05-19 16:29:21 - DEBUG - Pattern found: (terminal\ length\ 0) 
R1#terminal length 0
2026-05-19 16:29:21 - DEBUG - 
R1#terminal length 0
2026-05-19 16:29:21 - DEBUG - Exiting disable_paging
2026-05-19 16:29:21 - DEBUG - read_channel: 
2026-05-19 16:29:21 - DEBUG - Clear buffer detects data in the channel
2026-05-19 16:29:21 - DEBUG - read_channel: 
2026-05-19 16:29:21 - DEBUG - write_channel: b'\n'
2026-05-19 16:29:21 - DEBUG - read_channel: 
2026-05-19 16:29:21 - DEBUG - read_channel: 
R1#
2026-05-19 16:29:21 - DEBUG - 
Parenthesis found in pattern.

pattern: (\#|>)


This can be problemtic when used in read_until_pattern().

You should ensure that you use either non-capture groups i.e. '(?:' or that the
parenthesis completely wrap the pattern '(pattern)'
2026-05-19 16:29:21 - DEBUG - Pattern found: (\#|>) 
R1#
2026-05-19 16:29:21 - DEBUG - read_channel: 
2026-05-19 16:29:21 - DEBUG - [find_prompt()]: prompt is R1#
2026-05-19 16:29:21 - INFO - Successfully connected to R1
2026-05-19 16:29:21 - DEBUG - write_channel: b'\n'
2026-05-19 16:29:21 - DEBUG - read_channel: 
2026-05-19 16:29:21 - DEBUG - read_channel: 
2026-05-19 16:29:21 - DEBUG - read_channel: 
2026-05-19 16:29:21 - DEBUG - read_channel: 
R1#
2026-05-19 16:29:21 - DEBUG - Pattern found: ([>#]) 
R1#
2026-05-19 16:29:21 - DEBUG - write_channel: b'configure terminal\n'
2026-05-19 16:29:21 - DEBUG - read_channel: 
2026-05-19 16:29:21 - DEBUG - read_channel: 
2026-05-19 16:29:21 - DEBUG - read_channel: confi
2026-05-19 16:29:21 - DEBUG - read_channel: gure t
2026-05-19 16:29:21 - DEBUG - read_channel: er
2026-05-19 16:29:21 - DEBUG - read_channel: 
2026-05-19 16:29:21 - DEBUG - read_channel: minal
2026-05-19 16:29:21 - DEBUG - Pattern found: (configure\ terminal) configure terminal
2026-05-19 16:29:21 - DEBUG - read_channel: 
2026-05-19 16:29:21 - DEBUG - read_channel: 
Enter configuration commands, one per line.  End with CNTL/Z.
R1(config)#
2026-05-19 16:29:21 - DEBUG - Pattern found: (R1.*) 
Enter configuration commands, one per line.  End with CNTL/Z.
R1(config)#
2026-05-19 16:29:21 - DEBUG - write_channel: b'\n'
2026-05-19 16:29:21 - DEBUG - read_channel: 
2026-05-19 16:29:21 - DEBUG - read_channel: 
2026-05-19 16:29:21 - DEBUG - read_channel: 
R1(config)#
2026-05-19 16:29:21 - DEBUG - Pattern found: ([>#]) 
R1(config)#
2026-05-19 16:29:21 - DEBUG - write_channel: b'hostname R1\n'
2026-05-19 16:29:21 - DEBUG - read_channel: 
2026-05-19 16:29:21 - DEBUG - read_channel: 
2026-05-19 16:29:21 - DEBUG - read_channel: hos
2026-05-19 16:29:21 - DEBUG - read_channel: tna
2026-05-19 16:29:21 - DEBUG - read_channel: me R1

2026-05-19 16:29:21 - DEBUG - Pattern found: (hostname\ R1) hostname R1
2026-05-19 16:29:21 - DEBUG - read_channel: 
2026-05-19 16:29:21 - DEBUG - read_channel: 
2026-05-19 16:29:21 - DEBUG - read_channel: R1(config)#
2026-05-19 16:29:21 - DEBUG - Pattern found: ((?:R1.*$|#.*$)) 
R1(config)#
2026-05-19 16:29:21 - DEBUG - write_channel: b'no ip domain lookup\n'
2026-05-19 16:29:21 - DEBUG - read_channel: 
2026-05-19 16:29:21 - DEBUG - read_channel: no
2026-05-19 16:29:21 - DEBUG - read_channel:  
2026-05-19 16:29:21 - DEBUG - read_channel: ip d
2026-05-19 16:29:21 - DEBUG - read_channel: omain 
2026-05-19 16:29:21 - DEBUG - read_channel: lookup
2026-05-19 16:29:21 - DEBUG - Pattern found: (no\ ip\ domain\ lookup) no ip domain lookup
2026-05-19 16:29:21 - DEBUG - read_channel: 
2026-05-19 16:29:21 - DEBUG - read_channel: 

2026-05-19 16:29:21 - DEBUG - read_channel: R1(config)#
2026-05-19 16:29:21 - DEBUG - Pattern found: ((?:R1.*$|#.*$)) 
R1(config)#
2026-05-19 16:29:21 - DEBUG - write_channel: b'!\n'
2026-05-19 16:29:21 - DEBUG - read_channel: 
2026-05-19 16:29:21 - DEBUG - read_channel: 
2026-05-19 16:29:21 - DEBUG - read_channel: !
R1(config)#
2026-05-19 16:29:21 - DEBUG - Pattern found: (!) !
2026-05-19 16:29:21 - DEBUG - read_channel: 
2026-05-19 16:29:21 - DEBUG - Pattern found: ((?:R1.*$|#.*$)) 
R1(config)#
2026-05-19 16:29:21 - DEBUG - write_channel: b'line con 0\n'
2026-05-19 16:29:21 - DEBUG - read_channel: 
2026-05-19 16:29:21 - DEBUG - read_channel: 
2026-05-19 16:29:21 - DEBUG - read_channel: line 
2026-05-19 16:29:21 - DEBUG - read_channel: con 0

2026-05-19 16:29:21 - DEBUG - Pattern found: (line\ con\ 0) line con 0
2026-05-19 16:29:21 - DEBUG - read_channel: 
2026-05-19 16:29:21 - DEBUG - read_channel: R1(config-line)#
2026-05-19 16:29:21 - DEBUG - Pattern found: ((?:R1.*$|#.*$)) 
R1(config-line)#
2026-05-19 16:29:21 - DEBUG - write_channel: b' logging synchronous\n'
2026-05-19 16:29:21 - DEBUG - read_channel: 
2026-05-19 16:29:21 - DEBUG - read_channel: 
2026-05-19 16:29:21 - DEBUG - read_channel:  loggi
2026-05-19 16:29:21 - DEBUG - read_channel: n
2026-05-19 16:29:21 - DEBUG - read_channel: g sy
2026-05-19 16:29:21 - DEBUG - read_channel: nchr
2026-05-19 16:29:21 - DEBUG - read_channel: onou
2026-05-19 16:29:21 - DEBUG - read_channel: s
R1(config-line)#
2026-05-19 16:29:21 - DEBUG - Pattern found: (logging\ synchronous)  logging synchronous
2026-05-19 16:29:21 - DEBUG - read_channel: 
2026-05-19 16:29:21 - DEBUG - Pattern found: ((?:R1.*$|#.*$)) 
R1(config-line)#
2026-05-19 16:29:21 - DEBUG - write_channel: b' exit\n'
2026-05-19 16:29:21 - DEBUG - read_channel: 
2026-05-19 16:29:21 - DEBUG - read_channel: 
2026-05-19 16:29:21 - DEBUG - read_channel:  ex
2026-05-19 16:29:21 - DEBUG - read_channel: it
R1(config)#
2026-05-19 16:29:21 - DEBUG - Pattern found: (exit)  exit
2026-05-19 16:29:21 - DEBUG - read_channel: 
2026-05-19 16:29:21 - DEBUG - Pattern found: ((?:R1.*$|#.*$)) 
R1(config)#
2026-05-19 16:29:21 - DEBUG - write_channel: b'!\n'
2026-05-19 16:29:21 - DEBUG - read_channel: 
2026-05-19 16:29:21 - DEBUG - read_channel: !
R1(config)#
2026-05-19 16:29:21 - DEBUG - Pattern found: (!) !
2026-05-19 16:29:21 - DEBUG - read_channel: 
2026-05-19 16:29:21 - DEBUG - Pattern found: ((?:R1.*$|#.*$)) 
R1(config)#
2026-05-19 16:29:21 - DEBUG - write_channel: b'interface Loopback0\n'
2026-05-19 16:29:21 - DEBUG - read_channel: 
2026-05-19 16:29:21 - DEBUG - read_channel: 
2026-05-19 16:29:21 - DEBUG - read_channel: inter
2026-05-19 16:29:21 - DEBUG - read_channel: fa
2026-05-19 16:29:21 - DEBUG - read_channel: ce 
2026-05-19 16:29:21 - DEBUG - read_channel: Loopback
2026-05-19 16:29:21 - DEBUG - read_channel: 0

2026-05-19 16:29:21 - DEBUG - Pattern found: (interface\ Loopback0) interface Loopback0
2026-05-19 16:29:21 - DEBUG - read_channel: 
2026-05-19 16:29:21 - DEBUG - read_channel: R1(config-if)#
2026-05-19 16:29:21 - DEBUG - Pattern found: ((?:R1.*$|#.*$)) 
R1(config-if)#
2026-05-19 16:29:21 - DEBUG - write_channel: b' ip address 150.1.1.1 255.255.255.255\n'
2026-05-19 16:29:21 - DEBUG - read_channel: 
2026-05-19 16:29:21 - DEBUG - read_channel:  ip
2026-05-19 16:29:21 - DEBUG - read_channel: 
2026-05-19 16:29:21 - DEBUG - read_channel:  add
2026-05-19 16:29:21 - DEBUG - read_channel: re
2026-05-19 16:29:21 - DEBUG - read_channel: 
2026-05-19 16:29:21 - DEBUG - read_channel: ss 1
2026-05-19 16:29:21 - DEBUG - read_channel: 50.1
2026-05-19 16:29:21 - DEBUG - read_channel: .1.1
2026-05-19 16:29:21 - DEBUG - read_channel:  255.25
2026-05-19 16:29:22 - DEBUG - read_channel: 5.255.25
2026-05-19 16:29:22 - DEBUG - read_channel: 5
R1(config-if)#
2026-05-19 16:29:22 - DEBUG - Pattern found: (ip\ address\ 150\.1\.1\.1\ 255\.255\.255\.255)  ip address 150.1.1.1 255.255.255.255
2026-05-19 16:29:22 - DEBUG - read_channel: 
2026-05-19 16:29:22 - DEBUG - Pattern found: ((?:R1.*$|#.*$)) 
R1(config-if)#
2026-05-19 16:29:22 - DEBUG - write_channel: b' no shutdown\n'
2026-05-19 16:29:22 - DEBUG - read_channel: 
2026-05-19 16:29:22 - DEBUG - read_channel: 
2026-05-19 16:29:22 - DEBUG - read_channel:  no sh
2026-05-19 16:29:22 - DEBUG - read_channel: u
2026-05-19 16:29:22 - DEBUG - read_channel: 
2026-05-19 16:29:22 - DEBUG - read_channel: tdown
R1(config-if)#
2026-05-19 16:29:22 - DEBUG - Pattern found: (no\ shutdown)  no shutdown
2026-05-19 16:29:22 - DEBUG - read_channel: 
2026-05-19 16:29:22 - DEBUG - Pattern found: ((?:R1.*$|#.*$)) 
R1(config-if)#
2026-05-19 16:29:22 - DEBUG - write_channel: b'!\n'
2026-05-19 16:29:22 - DEBUG - read_channel: 
2026-05-19 16:29:22 - DEBUG - read_channel: 
2026-05-19 16:29:22 - DEBUG - read_channel: 
2026-05-19 16:29:22 - DEBUG - read_channel: !
R1(config-if)#
2026-05-19 16:29:22 - DEBUG - Pattern found: (!) !
2026-05-19 16:29:22 - DEBUG - read_channel: 
2026-05-19 16:29:22 - DEBUG - Pattern found: ((?:R1.*$|#.*$)) 
R1(config-if)#
2026-05-19 16:29:22 - DEBUG - write_channel: b'interface GigabitEthernet1\n'
2026-05-19 16:29:22 - DEBUG - read_channel: 
2026-05-19 16:29:22 - DEBUG - read_channel: in
2026-05-19 16:29:22 - DEBUG - read_channel: t
2026-05-19 16:29:22 - DEBUG - read_channel: erfa
2026-05-19 16:29:22 - DEBUG - read_channel: ce G
2026-05-19 16:29:22 - DEBUG - read_channel: 
2026-05-19 16:29:22 - DEBUG - read_channel: igabitEt
2026-05-19 16:29:22 - DEBUG - read_channel: hern
2026-05-19 16:29:22 - DEBUG - read_channel: et
2026-05-19 16:29:22 - DEBUG - read_channel: 1
R1(config-if)#
2026-05-19 16:29:22 - DEBUG - Pattern found: (interface\ GigabitEthernet1) interface GigabitEthernet1
2026-05-19 16:29:22 - DEBUG - read_channel: 
2026-05-19 16:29:22 - DEBUG - Pattern found: ((?:R1.*$|#.*$)) 
R1(config-if)#
2026-05-19 16:29:22 - DEBUG - write_channel: b' no shutdown\n'
2026-05-19 16:29:22 - DEBUG - read_channel: 
2026-05-19 16:29:22 - DEBUG - read_channel:  no sh
2026-05-19 16:29:22 - DEBUG - read_channel: u
2026-05-19 16:29:22 - DEBUG - read_channel: tdow
2026-05-19 16:29:22 - DEBUG - read_channel: n
R1(config-if)#
2026-05-19 16:29:22 - DEBUG - Pattern found: (no\ shutdown)  no shutdown
2026-05-19 16:29:22 - DEBUG - read_channel: 
2026-05-19 16:29:22 - DEBUG - Pattern found: ((?:R1.*$|#.*$)) 
R1(config-if)#
2026-05-19 16:29:22 - DEBUG - write_channel: b'!\n'
2026-05-19 16:29:22 - DEBUG - read_channel: 
2026-05-19 16:29:22 - DEBUG - read_channel: 
2026-05-19 16:29:22 - DEBUG - read_channel: !
R1(config-if)#
2026-05-19 16:29:22 - DEBUG - Pattern found: (!) !
2026-05-19 16:29:22 - DEBUG - read_channel: 
2026-05-19 16:29:22 - DEBUG - Pattern found: ((?:R1.*$|#.*$)) 
R1(config-if)#
2026-05-19 16:29:22 - DEBUG - write_channel: b'interface GigabitEthernet1.12\n'
2026-05-19 16:29:22 - DEBUG - read_channel: 
2026-05-19 16:29:22 - DEBUG - read_channel: in
2026-05-19 16:29:22 - DEBUG - read_channel: t
2026-05-19 16:29:22 - DEBUG - read_channel: 
2026-05-19 16:29:22 - DEBUG - read_channel: erface
2026-05-19 16:29:22 - DEBUG - read_channel:  Gig
2026-05-19 16:29:22 - DEBUG - read_channel: abitEt
2026-05-19 16:29:22 - DEBUG - read_channel: her
2026-05-19 16:29:22 - DEBUG - read_channel: n
2026-05-19 16:29:22 - DEBUG - read_channel: et
2026-05-19 16:29:22 - DEBUG - read_channel: 1
2026-05-19 16:29:22 - DEBUG - read_channel: .12

2026-05-19 16:29:22 - DEBUG - Pattern found: (interface\ GigabitEthernet1\.12) interface GigabitEthernet1.12
2026-05-19 16:29:22 - DEBUG - read_channel: 
2026-05-19 16:29:22 - DEBUG - read_channel: R1(config-subif)#
2026-05-19 16:29:22 - DEBUG - Pattern found: ((?:R1.*$|#.*$)) 
R1(config-subif)#
2026-05-19 16:29:22 - DEBUG - write_channel: b' encapsulation dot1Q 12\n'
2026-05-19 16:29:22 - DEBUG - read_channel: 
2026-05-19 16:29:22 - DEBUG - read_channel:  e
2026-05-19 16:29:22 - DEBUG - read_channel: n
2026-05-19 16:29:22 - DEBUG - read_channel: 
2026-05-19 16:29:22 - DEBUG - read_channel: c
2026-05-19 16:29:22 - DEBUG - read_channel: apsul
2026-05-19 16:29:22 - DEBUG - read_channel: atio
2026-05-19 16:29:22 - DEBUG - read_channel: 
2026-05-19 16:29:22 - DEBUG - read_channel: n do
2026-05-19 16:29:22 - DEBUG - read_channel: t1Q 1
2026-05-19 16:29:22 - DEBUG - read_channel: 2
R1(config-subif)#
2026-05-19 16:29:22 - DEBUG - Pattern found: (encapsulation\ dot1Q\ 12)  encapsulation dot1Q 12
2026-05-19 16:29:22 - DEBUG - read_channel: 
2026-05-19 16:29:22 - DEBUG - Pattern found: ((?:R1.*$|#.*$)) 
R1(config-subif)#
2026-05-19 16:29:22 - DEBUG - write_channel: b' ip address 155.1.12.1 255.255.255.0\n'
2026-05-19 16:29:22 - DEBUG - read_channel: 
2026-05-19 16:29:22 - DEBUG - read_channel:  ip a
2026-05-19 16:29:22 - DEBUG - read_channel: ddress
2026-05-19 16:29:22 - DEBUG - read_channel: 
2026-05-19 16:29:22 - DEBUG - read_channel:  15
2026-05-19 16:29:22 - DEBUG - read_channel: 5.1.
2026-05-19 16:29:22 - DEBUG - read_channel: 12.1
2026-05-19 16:29:22 - DEBUG - read_channel:  255
2026-05-19 16:29:22 - DEBUG - read_channel: .255.25
2026-05-19 16:29:22 - DEBUG - read_channel: 5.0
R1(config-subif)#
2026-05-19 16:29:22 - DEBUG - Pattern found: (ip\ address\ 155\.1\.12\.1\ 255\.255\.255\.0)  ip address 155.1.12.1 255.255.255.0
2026-05-19 16:29:22 - DEBUG - read_channel: 
2026-05-19 16:29:22 - DEBUG - Pattern found: ((?:R1.*$|#.*$)) 
R1(config-subif)#
2026-05-19 16:29:22 - DEBUG - write_channel: b' no shutdown\n'
2026-05-19 16:29:22 - DEBUG - read_channel: 
2026-05-19 16:29:22 - DEBUG - read_channel:  n
2026-05-19 16:29:22 - DEBUG - read_channel: o
2026-05-19 16:29:22 - DEBUG - read_channel:  shutdown
R1(config-subif)#
2026-05-19 16:29:22 - DEBUG - Pattern found: (no\ shutdown)  no shutdown
2026-05-19 16:29:22 - DEBUG - read_channel: 
2026-05-19 16:29:22 - DEBUG - Pattern found: ((?:R1.*$|#.*$)) 
R1(config-subif)#
2026-05-19 16:29:22 - DEBUG - write_channel: b'!\n'
2026-05-19 16:29:22 - DEBUG - read_channel: 
2026-05-19 16:29:22 - DEBUG - read_channel: !
R1(config-subif)#
2026-05-19 16:29:22 - DEBUG - Pattern found: (!) !
2026-05-19 16:29:22 - DEBUG - read_channel: 
2026-05-19 16:29:22 - DEBUG - Pattern found: ((?:R1.*$|#.*$)) 
R1(config-subif)#
2026-05-19 16:29:22 - DEBUG - write_channel: b'interface GigabitEthernet1.13\n'
2026-05-19 16:29:22 - DEBUG - read_channel: 
2026-05-19 16:29:22 - DEBUG - read_channel: inter
2026-05-19 16:29:22 - DEBUG - read_channel: 
2026-05-19 16:29:22 - DEBUG - read_channel: fa
2026-05-19 16:29:22 - DEBUG - read_channel: ce G
2026-05-19 16:29:22 - DEBUG - read_channel: 
2026-05-19 16:29:22 - DEBUG - read_channel: igab
2026-05-19 16:29:22 - DEBUG - read_channel: itEthern
2026-05-19 16:29:22 - DEBUG - read_channel: et1
2026-05-19 16:29:22 - DEBUG - read_channel: 
2026-05-19 16:29:22 - DEBUG - read_channel: .13

2026-05-19 16:29:22 - DEBUG - Pattern found: (interface\ GigabitEthernet1\.13) interface GigabitEthernet1.13
2026-05-19 16:29:22 - DEBUG - read_channel: 
2026-05-19 16:29:22 - DEBUG - read_channel: R1(config-subif)#
2026-05-19 16:29:22 - DEBUG - Pattern found: ((?:R1.*$|#.*$)) 
R1(config-subif)#
2026-05-19 16:29:22 - DEBUG - write_channel: b' encapsulation dot1Q 13\n'
2026-05-19 16:29:22 - DEBUG - read_channel: 
2026-05-19 16:29:22 - DEBUG - read_channel: 
2026-05-19 16:29:22 - DEBUG - read_channel:  en
2026-05-19 16:29:22 - DEBUG - read_channel: 
2026-05-19 16:29:22 - DEBUG - read_channel: c
2026-05-19 16:29:22 - DEBUG - read_channel: apsul
2026-05-19 16:29:22 - DEBUG - read_channel: atio
2026-05-19 16:29:22 - DEBUG - read_channel: 
2026-05-19 16:29:22 - DEBUG - read_channel: n dot
2026-05-19 16:29:22 - DEBUG - read_channel: 1Q 
2026-05-19 16:29:22 - DEBUG - read_channel: 1
2026-05-19 16:29:22 - DEBUG - read_channel: 3

2026-05-19 16:29:22 - DEBUG - Pattern found: (encapsulation\ dot1Q\ 13)  encapsulation dot1Q 13
2026-05-19 16:29:22 - DEBUG - read_channel: 
2026-05-19 16:29:22 - DEBUG - read_channel: R1(config-subif)#
2026-05-19 16:29:22 - DEBUG - Pattern found: ((?:R1.*$|#.*$)) 
R1(config-subif)#
2026-05-19 16:29:22 - DEBUG - write_channel: b' ip address 155.1.13.1 255.255.255.0\n'
2026-05-19 16:29:22 - DEBUG - read_channel: 
2026-05-19 16:29:22 - DEBUG - read_channel: 
2026-05-19 16:29:22 - DEBUG - read_channel:  ip a
2026-05-19 16:29:22 - DEBUG - read_channel: ddress
2026-05-19 16:29:22 - DEBUG - read_channel: 
2026-05-19 16:29:22 - DEBUG - read_channel:  1
2026-05-19 16:29:22 - DEBUG - read_channel: 55.1
2026-05-19 16:29:22 - DEBUG - read_channel: 
2026-05-19 16:29:22 - DEBUG - read_channel: .1
2026-05-19 16:29:22 - DEBUG - read_channel: 3.1 255.
2026-05-19 16:29:22 - DEBUG - read_channel: 
2026-05-19 16:29:22 - DEBUG - read_channel: 255.
2026-05-19 16:29:23 - DEBUG - read_channel: 255.
2026-05-19 16:29:23 - DEBUG - read_channel: 0
R1(config-subif)#
2026-05-19 16:29:23 - DEBUG - Pattern found: (ip\ address\ 155\.1\.13\.1\ 255\.255\.255\.0)  ip address 155.1.13.1 255.255.255.0
2026-05-19 16:29:23 - DEBUG - read_channel: 
2026-05-19 16:29:23 - DEBUG - Pattern found: ((?:R1.*$|#.*$)) 
R1(config-subif)#
2026-05-19 16:29:23 - DEBUG - write_channel: b' no shutdown\n'
2026-05-19 16:29:23 - DEBUG - read_channel: 
2026-05-19 16:29:23 - DEBUG - read_channel: 
2026-05-19 16:29:23 - DEBUG - read_channel:  no
2026-05-19 16:29:23 - DEBUG - read_channel:  shu
2026-05-19 16:29:23 - DEBUG - read_channel: 
2026-05-19 16:29:23 - DEBUG - read_channel: tdow
2026-05-19 16:29:23 - DEBUG - read_channel: 
2026-05-19 16:29:23 - DEBUG - read_channel: n
R1(config-subif)#
2026-05-19 16:29:23 - DEBUG - Pattern found: (no\ shutdown)  no shutdown
2026-05-19 16:29:23 - DEBUG - read_channel: 
2026-05-19 16:29:23 - DEBUG - Pattern found: ((?:R1.*$|#.*$)) 
R1(config-subif)#
2026-05-19 16:29:23 - DEBUG - write_channel: b'!\n'
2026-05-19 16:29:23 - DEBUG - read_channel: 
2026-05-19 16:29:23 - DEBUG - read_channel: !
R1(config-subif)#
2026-05-19 16:29:23 - DEBUG - Pattern found: (!) !
2026-05-19 16:29:23 - DEBUG - read_channel: 
2026-05-19 16:29:23 - DEBUG - Pattern found: ((?:R1.*$|#.*$)) 
R1(config-subif)#
2026-05-19 16:29:23 - DEBUG - write_channel: b'interface GigabitEthernet1.14\n'
2026-05-19 16:29:23 - DEBUG - read_channel: 
2026-05-19 16:29:23 - DEBUG - read_channel: int
2026-05-19 16:29:23 - DEBUG - read_channel: 
2026-05-19 16:29:23 - DEBUG - read_channel: er
2026-05-19 16:29:23 - DEBUG - read_channel: fac
2026-05-19 16:29:23 - DEBUG - read_channel: e
2026-05-19 16:29:23 - DEBUG - read_channel:  Gig
2026-05-19 16:29:23 - DEBUG - read_channel: 
2026-05-19 16:29:23 - DEBUG - read_channel: 
2026-05-19 16:29:23 - DEBUG - read_channel: ab
2026-05-19 16:29:23 - DEBUG - read_channel: itEt
2026-05-19 16:29:23 - DEBUG - read_channel: he
2026-05-19 16:29:23 - DEBUG - read_channel: rnet1
2026-05-19 16:29:23 - DEBUG - read_channel: .
2026-05-19 16:29:23 - DEBUG - read_channel: 14

2026-05-19 16:29:23 - DEBUG - Pattern found: (interface\ GigabitEthernet1\.14) interface GigabitEthernet1.14
2026-05-19 16:29:23 - DEBUG - read_channel: 
2026-05-19 16:29:23 - DEBUG - read_channel: R1(config-subif)#
2026-05-19 16:29:23 - DEBUG - Pattern found: ((?:R1.*$|#.*$)) 
R1(config-subif)#
2026-05-19 16:29:23 - DEBUG - write_channel: b' encapsulation dot1Q 14\n'
2026-05-19 16:29:23 - DEBUG - read_channel: 
2026-05-19 16:29:23 - DEBUG - read_channel: 
2026-05-19 16:29:23 - DEBUG - read_channel: 
2026-05-19 16:29:23 - DEBUG - read_channel:  enca
2026-05-19 16:29:23 - DEBUG - read_channel: psulat
2026-05-19 16:29:23 - DEBUG - read_channel: ion
2026-05-19 16:29:23 - DEBUG - read_channel: 
2026-05-19 16:29:23 - DEBUG - read_channel:  dot1Q 14
R1(config-subif)#
2026-05-19 16:29:23 - DEBUG - Pattern found: (encapsulation\ dot1Q\ 14)  encapsulation dot1Q 14
2026-05-19 16:29:23 - DEBUG - read_channel: 
2026-05-19 16:29:23 - DEBUG - Pattern found: ((?:R1.*$|#.*$)) 
R1(config-subif)#
2026-05-19 16:29:23 - DEBUG - write_channel: b' ip address 155.1.14.1 255.255.255.0\n'
2026-05-19 16:29:23 - DEBUG - read_channel: 
2026-05-19 16:29:23 - DEBUG - read_channel: 
2026-05-19 16:29:23 - DEBUG - read_channel:  ip
2026-05-19 16:29:23 - DEBUG - read_channel:  a
2026-05-19 16:29:23 - DEBUG - read_channel: ddre
2026-05-19 16:29:23 - DEBUG - read_channel: s
2026-05-19 16:29:23 - DEBUG - read_channel: s 15
2026-05-19 16:29:23 - DEBUG - read_channel: 5.1
2026-05-19 16:29:23 - DEBUG - read_channel: .1
2026-05-19 16:29:23 - DEBUG - read_channel: 4.1
2026-05-19 16:29:23 - DEBUG - read_channel: 
2026-05-19 16:29:23 - DEBUG - read_channel:  255
2026-05-19 16:29:23 - DEBUG - read_channel: .255.255.0

2026-05-19 16:29:23 - DEBUG - Pattern found: (ip\ address\ 155\.1\.14\.1\ 255\.255\.255\.0)  ip address 155.1.14.1 255.255.255.0
2026-05-19 16:29:23 - DEBUG - read_channel: 
2026-05-19 16:29:23 - DEBUG - read_channel: R1(config-subif)#
2026-05-19 16:29:23 - DEBUG - Pattern found: ((?:R1.*$|#.*$)) 
R1(config-subif)#
2026-05-19 16:29:23 - DEBUG - write_channel: b' no shutdown\n'
2026-05-19 16:29:23 - DEBUG - read_channel: 
2026-05-19 16:29:23 - DEBUG - read_channel: 
2026-05-19 16:29:23 - DEBUG - read_channel:  no shu
2026-05-19 16:29:23 - DEBUG - read_channel: 
2026-05-19 16:29:23 - DEBUG - read_channel: tdow
2026-05-19 16:29:23 - DEBUG - read_channel: n
R1(config-subif)#
2026-05-19 16:29:23 - DEBUG - Pattern found: (no\ shutdown)  no shutdown
2026-05-19 16:29:23 - DEBUG - read_channel: 
2026-05-19 16:29:23 - DEBUG - Pattern found: ((?:R1.*$|#.*$)) 
R1(config-subif)#
2026-05-19 16:29:23 - DEBUG - write_channel: b'!\n'
2026-05-19 16:29:23 - DEBUG - read_channel: 
2026-05-19 16:29:23 - DEBUG - read_channel: !
R1(config-subif)#
2026-05-19 16:29:23 - DEBUG - Pattern found: (!) !
2026-05-19 16:29:23 - DEBUG - read_channel: 
2026-05-19 16:29:23 - DEBUG - Pattern found: ((?:R1.*$|#.*$)) 
R1(config-subif)#
2026-05-19 16:29:23 - DEBUG - write_channel: b'router rip\n'
2026-05-19 16:29:23 - DEBUG - read_channel: 
2026-05-19 16:29:23 - DEBUG - read_channel: router 
2026-05-19 16:29:23 - DEBUG - read_channel: rip
R1(config-router)#
2026-05-19 16:29:23 - DEBUG - Pattern found: (router\ rip) router rip
2026-05-19 16:29:23 - DEBUG - read_channel: 
2026-05-19 16:29:23 - DEBUG - Pattern found: ((?:R1.*$|#.*$)) 
R1(config-router)#
2026-05-19 16:29:23 - DEBUG - write_channel: b' version 2\n'
2026-05-19 16:29:23 - DEBUG - read_channel: 
2026-05-19 16:29:23 - DEBUG - read_channel: 
2026-05-19 16:29:23 - DEBUG - read_channel:  v
2026-05-19 16:29:23 - DEBUG - read_channel: ersio
2026-05-19 16:29:23 - DEBUG - read_channel: 
2026-05-19 16:29:23 - DEBUG - read_channel: 
2026-05-19 16:29:23 - DEBUG - read_channel: n 2
R1(config-router)#
2026-05-19 16:29:23 - DEBUG - Pattern found: (version\ 2)  version 2
2026-05-19 16:29:23 - DEBUG - read_channel: 
2026-05-19 16:29:23 - DEBUG - Pattern found: ((?:R1.*$|#.*$)) 
R1(config-router)#
2026-05-19 16:29:23 - DEBUG - write_channel: b' network 155.1.12.0\n'
2026-05-19 16:29:23 - DEBUG - read_channel: 
2026-05-19 16:29:23 - DEBUG - read_channel:  n
2026-05-19 16:29:23 - DEBUG - read_channel: e
2026-05-19 16:29:23 - DEBUG - read_channel: twork 
2026-05-19 16:29:23 - DEBUG - read_channel: 
2026-05-19 16:29:23 - DEBUG - read_channel: 15
2026-05-19 16:29:23 - DEBUG - read_channel: 5.1
2026-05-19 16:29:23 - DEBUG - read_channel: .12.
2026-05-19 16:29:23 - DEBUG - read_channel: 0

2026-05-19 16:29:23 - DEBUG - Pattern found: (network\ 155\.1\.12\.0)  network 155.1.12.0
2026-05-19 16:29:23 - DEBUG - read_channel: 
2026-05-19 16:29:23 - DEBUG - read_channel: R1(config-router)#
2026-05-19 16:29:23 - DEBUG - Pattern found: ((?:R1.*$|#.*$)) 
R1(config-router)#
2026-05-19 16:29:23 - DEBUG - write_channel: b' network 155.1.13.0\n'
2026-05-19 16:29:23 - DEBUG - read_channel: 
2026-05-19 16:29:23 - DEBUG - read_channel: 
2026-05-19 16:29:23 - DEBUG - read_channel:  n
2026-05-19 16:29:23 - DEBUG - read_channel: et
2026-05-19 16:29:23 - DEBUG - read_channel: wor
2026-05-19 16:29:23 - DEBUG - read_channel: 
2026-05-19 16:29:23 - DEBUG - read_channel: k 
2026-05-19 16:29:23 - DEBUG - read_channel: 155.
2026-05-19 16:29:23 - DEBUG - read_channel: 
2026-05-19 16:29:23 - DEBUG - read_channel: 1.13.
2026-05-19 16:29:23 - DEBUG - read_channel: 0
R1(config-router)#
2026-05-19 16:29:23 - DEBUG - Pattern found: (network\ 155\.1\.13\.0)  network 155.1.13.0
2026-05-19 16:29:23 - DEBUG - read_channel: 
2026-05-19 16:29:23 - DEBUG - Pattern found: ((?:R1.*$|#.*$)) 
R1(config-router)#
2026-05-19 16:29:23 - DEBUG - write_channel: b' network 155.1.14.0\n'
2026-05-19 16:29:23 - DEBUG - read_channel: 
2026-05-19 16:29:23 - DEBUG - read_channel: 
2026-05-19 16:29:23 - DEBUG - read_channel:  n
2026-05-19 16:29:23 - DEBUG - read_channel: e
2026-05-19 16:29:23 - DEBUG - read_channel: 
2026-05-19 16:29:23 - DEBUG - read_channel: two
2026-05-19 16:29:23 - DEBUG - read_channel: rk 
2026-05-19 16:29:23 - DEBUG - read_channel: 155.
2026-05-19 16:29:23 - DEBUG - read_channel: 1.14.
2026-05-19 16:29:23 - DEBUG - read_channel: 0
R1(config-router)#
2026-05-19 16:29:23 - DEBUG - Pattern found: (network\ 155\.1\.14\.0)  network 155.1.14.0
2026-05-19 16:29:23 - DEBUG - read_channel: 
2026-05-19 16:29:23 - DEBUG - Pattern found: ((?:R1.*$|#.*$)) 
R1(config-router)#
2026-05-19 16:29:23 - DEBUG - write_channel: b' network 150.1.1.0\n'
2026-05-19 16:29:23 - DEBUG - read_channel: 
2026-05-19 16:29:23 - DEBUG - read_channel: 
2026-05-19 16:29:23 - DEBUG - read_channel:  networ
2026-05-19 16:29:23 - DEBUG - read_channel: k 
2026-05-19 16:29:23 - DEBUG - read_channel: 
2026-05-19 16:29:23 - DEBUG - read_channel: 15
2026-05-19 16:29:23 - DEBUG - read_channel: 0.1
2026-05-19 16:29:23 - DEBUG - read_channel: .1.
2026-05-19 16:29:24 - DEBUG - read_channel: 0
R1(config-router)#
2026-05-19 16:29:24 - DEBUG - Pattern found: (network\ 150\.1\.1\.0)  network 150.1.1.0
2026-05-19 16:29:24 - DEBUG - read_channel: 
2026-05-19 16:29:24 - DEBUG - Pattern found: ((?:R1.*$|#.*$)) 
R1(config-router)#
2026-05-19 16:29:24 - DEBUG - write_channel: b' no auto-summary\n'
2026-05-19 16:29:24 - DEBUG - read_channel: 
2026-05-19 16:29:24 - DEBUG - read_channel:  
2026-05-19 16:29:24 - DEBUG - read_channel: no
2026-05-19 16:29:24 - DEBUG - read_channel:  a
2026-05-19 16:29:24 - DEBUG - read_channel: ut
2026-05-19 16:29:24 - DEBUG - read_channel: o-
2026-05-19 16:29:24 - DEBUG - read_channel: su
2026-05-19 16:29:24 - DEBUG - read_channel: 
2026-05-19 16:29:24 - DEBUG - read_channel: mmar
2026-05-19 16:29:24 - DEBUG - read_channel: 
2026-05-19 16:29:24 - DEBUG - read_channel: y
2026-05-19 16:29:24 - DEBUG - Pattern found: (no\ auto\-summary)  no auto-summary
2026-05-19 16:29:24 - DEBUG - read_channel: 
2026-05-19 16:29:24 - DEBUG - read_channel: 
R1(config-router)#
2026-05-19 16:29:24 - DEBUG - Pattern found: ((?:R1.*$|#.*$)) 
R1(config-router)#
2026-05-19 16:29:24 - DEBUG - write_channel: b' exit\n'
2026-05-19 16:29:24 - DEBUG - read_channel: 
2026-05-19 16:29:24 - DEBUG - read_channel: 
2026-05-19 16:29:24 - DEBUG - read_channel: 
2026-05-19 16:29:24 - DEBUG - read_channel:  ex
2026-05-19 16:29:24 - DEBUG - read_channel: it
2026-05-19 16:29:24 - DEBUG - Pattern found: (exit)  exit
2026-05-19 16:29:24 - DEBUG - read_channel: 
2026-05-19 16:29:24 - DEBUG - read_channel: 
R1(config)#
2026-05-19 16:29:24 - DEBUG - Pattern found: ((?:R1.*$|#.*$)) 
R1(config)#
2026-05-19 16:29:24 - DEBUG - write_channel: b'!\n'
2026-05-19 16:29:24 - DEBUG - read_channel: 
2026-05-19 16:29:24 - DEBUG - read_channel: 
2026-05-19 16:29:24 - DEBUG - read_channel: !
R1(config)#
2026-05-19 16:29:24 - DEBUG - Pattern found: (!) !
2026-05-19 16:29:24 - DEBUG - read_channel: 
2026-05-19 16:29:24 - DEBUG - Pattern found: ((?:R1.*$|#.*$)) 
R1(config)#
2026-05-19 16:29:24 - DEBUG - write_channel: b'line vty 0 4\n'
2026-05-19 16:29:24 - DEBUG - read_channel: 
2026-05-19 16:29:24 - DEBUG - read_channel: lin
2026-05-19 16:29:24 - DEBUG - read_channel: e vt
2026-05-19 16:29:24 - DEBUG - read_channel: 
2026-05-19 16:29:24 - DEBUG - read_channel: 
2026-05-19 16:29:24 - DEBUG - read_channel: y 0 
2026-05-19 16:29:24 - DEBUG - read_channel: 4
R1(config-line)#
2026-05-19 16:29:24 - DEBUG - Pattern found: (line\ vty\ 0\ 4) line vty 0 4
2026-05-19 16:29:24 - DEBUG - read_channel: 
2026-05-19 16:29:24 - DEBUG - Pattern found: ((?:R1.*$|#.*$)) 
R1(config-line)#
2026-05-19 16:29:24 - DEBUG - write_channel: b' login local\n'
2026-05-19 16:29:24 - DEBUG - read_channel: 
2026-05-19 16:29:24 - DEBUG - read_channel: 
2026-05-19 16:29:24 - DEBUG - read_channel:  lo
2026-05-19 16:29:24 - DEBUG - read_channel: gin l
2026-05-19 16:29:24 - DEBUG - read_channel: o
2026-05-19 16:29:24 - DEBUG - read_channel: cal
R1(config-line)#
2026-05-19 16:29:24 - DEBUG - Pattern found: (login\ local)  login local
2026-05-19 16:29:24 - DEBUG - read_channel: 
2026-05-19 16:29:24 - DEBUG - Pattern found: ((?:R1.*$|#.*$)) 
R1(config-line)#
2026-05-19 16:29:24 - DEBUG - write_channel: b' transport input all\n'
2026-05-19 16:29:24 - DEBUG - read_channel: 
2026-05-19 16:29:24 - DEBUG - read_channel:  t
2026-05-19 16:29:24 - DEBUG - read_channel: ranspor
2026-05-19 16:29:24 - DEBUG - read_channel: 
2026-05-19 16:29:24 - DEBUG - read_channel: 
2026-05-19 16:29:24 - DEBUG - read_channel: t in
2026-05-19 16:29:24 - DEBUG - read_channel: 
2026-05-19 16:29:24 - DEBUG - read_channel: put 
2026-05-19 16:29:24 - DEBUG - read_channel: all
R1(config-line)#
2026-05-19 16:29:24 - DEBUG - Pattern found: (transport\ input\ all)  transport input all
2026-05-19 16:29:24 - DEBUG - read_channel: 
2026-05-19 16:29:24 - DEBUG - Pattern found: ((?:R1.*$|#.*$)) 
R1(config-line)#
2026-05-19 16:29:24 - DEBUG - write_channel: b' exit\n'
2026-05-19 16:29:24 - DEBUG - read_channel: 
2026-05-19 16:29:24 - DEBUG - read_channel: 
2026-05-19 16:29:24 - DEBUG - read_channel:  
2026-05-19 16:29:24 - DEBUG - read_channel: exi
2026-05-19 16:29:24 - DEBUG - read_channel: t
2026-05-19 16:29:24 - DEBUG - Pattern found: (exit)  exit
2026-05-19 16:29:24 - DEBUG - read_channel: 
2026-05-19 16:29:24 - DEBUG - read_channel: 
R1(config)#
2026-05-19 16:29:24 - DEBUG - Pattern found: ((?:R1.*$|#.*$)) 
R1(config)#
2026-05-19 16:29:24 - DEBUG - write_channel: b'\n'
2026-05-19 16:29:24 - DEBUG - read_channel: 
2026-05-19 16:29:24 - DEBUG - read_channel: 
2026-05-19 16:29:24 - DEBUG - read_channel: 
R1(config)#
2026-05-19 16:29:24 - DEBUG - Pattern found: ([>#]) 
R1(config)#
2026-05-19 16:29:24 - DEBUG - write_channel: b'end\n'
2026-05-19 16:29:24 - DEBUG - read_channel: 
2026-05-19 16:29:24 - DEBUG - read_channel: 
2026-05-19 16:29:24 - DEBUG - read_channel: 
2026-05-19 16:29:24 - DEBUG - read_channel: end
R1#
2026-05-19 16:29:24 - DEBUG - Pattern found: (end) end
2026-05-19 16:29:24 - DEBUG - read_channel: 
2026-05-19 16:29:24 - DEBUG - Pattern found: (#.*) 
R1#
2026-05-19 16:29:24 - DEBUG - write_channel: b'\n'
2026-05-19 16:29:24 - DEBUG - read_channel: 
2026-05-19 16:29:24 - DEBUG - read_channel: 
2026-05-19 16:29:24 - DEBUG - read_channel: 
2026-05-19 16:29:24 - DEBUG - read_channel: 
R1#
2026-05-19 16:29:24 - DEBUG - Pattern found: ([>#]) 
R1#
2026-05-19 16:29:24 - DEBUG - exit_config_mode: end
R1#
2026-05-19 16:29:24 - DEBUG - configure terminal
Enter configuration commands, one per line.  End with CNTL/Z.
R1(config)#hostname R1
R1(config)#no ip domain lookup
R1(config)#!
R1(config)#line con 0
R1(config-line)# logging synchronous
R1(config-line)# exit
R1(config)#!
R1(config)#interface Loopback0
R1(config-if)# ip address 150.1.1.1 255.255.255.255
R1(config-if)# no shutdown
R1(config-if)#!
R1(config-if)#interface GigabitEthernet1
R1(config-if)# no shutdown
R1(config-if)#!
R1(config-if)#interface GigabitEthernet1.12
R1(config-subif)# encapsulation dot1Q 12
R1(config-subif)# ip address 155.1.12.1 255.255.255.0
R1(config-subif)# no shutdown
R1(config-subif)#!
R1(config-subif)#interface GigabitEthernet1.13
R1(config-subif)# encapsulation dot1Q 13
R1(config-subif)# ip address 155.1.13.1 255.255.255.0
R1(config-subif)# no shutdown
R1(config-subif)#!
R1(config-subif)#interface GigabitEthernet1.14
R1(config-subif)# encapsulation dot1Q 14
R1(config-subif)# ip address 155.1.14.1 255.255.255.0
R1(config-subif)# no shutdown
R1(config-subif)#!
R1(config-subif)#router rip
R1(config-router)# version 2
R1(config-router)# network 155.1.12.0
R1(config-router)# network 155.1.13.0
R1(config-router)# network 155.1.14.0
R1(config-router)# network 150.1.1.0
R1(config-router)# no auto-summary
R1(config-router)# exit
R1(config)#!
R1(config)#line vty 0 4
R1(config-line)# login local
R1(config-line)# transport input all
R1(config-line)# exit
R1(config)#end
R1#
2026-05-19 16:29:24 - INFO - Config pushed to R1 successfully
2026-05-19 16:29:24 - DEBUG - Device output from R1:
configure terminal
Enter configuration commands, one per line.  End with CNTL/Z.
R1(config)#hostname R1
R1(config)#no ip domain lookup
R1(config)#!
R1(config)#line con 0
R1(config-line)# logging synchronous
R1(config-line)# exit
R1(config)#!
R1(config)#interface Loopback0
R1(config-if)# ip address 150.1.1.1 255.255.255.255
R1(config-if)# no shutdown
R1(config-if)#!
R1(config-if)#interface GigabitEthernet1
R1(config-if)# no shutdown
R1(config-if)#!
R1(config-if)#interface GigabitEthernet1.12
R1(config-subif)# encapsulation dot1Q 12
R1(config-subif)# ip address 155.1.12.1 255.255.255.0
R1(config-subif)# no shutdown
R1(config-subif)#!
R1(config-subif)#interface GigabitEthernet1.13
R1(config-subif)# encapsulation dot1Q 13
R1(config-subif)# ip address 155.1.13.1 255.255.255.0
R1(config-subif)# no shutdown
R1(config-subif)#!
R1(config-subif)#interface GigabitEthernet1.14
R1(config-subif)# encapsulation dot1Q 14
R1(config-subif)# ip address 155.1.14.1 255.255.255.0
R1(config-subif)# no shutdown
R1(config-subif)#!
R1(config-subif)#router rip
R1(config-router)# version 2
R1(config-router)# network 155.1.12.0
R1(config-router)# network 155.1.13.0
R1(config-router)# network 155.1.14.0
R1(config-router)# network 150.1.1.0
R1(config-router)# no auto-summary
R1(config-router)# exit
R1(config)#!
R1(config)#line vty 0 4
R1(config-line)# login local
R1(config-line)# transport input all
R1(config-line)# exit
R1(config)#end
R1#
2026-05-19 16:29:24 - DEBUG - write_channel: b'\n'
2026-05-19 16:29:24 - DEBUG - read_channel: 
2026-05-19 16:29:24 - DEBUG - read_channel: 
2026-05-19 16:29:24 - DEBUG - read_channel: 
2026-05-19 16:29:24 - DEBUG - read_channel: 
R1#
2026-05-19 16:29:24 - DEBUG - Pattern found: ([>#]) 
R1#
2026-05-19 16:29:24 - DEBUG - write_channel: b'exit\n'
2026-05-19 16:29:24 - INFO - Disconnected from R1 successfully
2026-05-19 16:29:24 - INFO - ============================================================
2026-05-19 16:29:24 - INFO - Connecting to R2 (192.168.1.102)
2026-05-19 16:29:24 - INFO - ============================================================
2026-05-19 16:29:24 - INFO - Config generated for R2 successfully
2026-05-19 16:29:24 - DEBUG - Generated config for R2:
hostname R2
no ip domain lookup
!
line con 0
 logging synchronous
 exit
!
interface Loopback0
 ip address 150.1.2.2 255.255.255.255
 no shutdown
!
interface GigabitEthernet1
 no shutdown
!
interface GigabitEthernet1.12
 encapsulation dot1Q 12
 ip address 155.1.12.2 255.255.255.0
 no shutdown
!
router rip
 version 2
 network 155.1.12.0
 network 150.1.2.0
 no auto-summary
 exit
!
line vty 0 4
 login local
 transport input all
 exit
2026-05-19 16:29:24 - DEBUG - starting thread (client mode): 0xbb754280
2026-05-19 16:29:24 - DEBUG - Local version/idstring: SSH-2.0-paramiko_3.5.1
2026-05-19 16:29:24 - DEBUG - Remote version/idstring: SSH-2.0-Cisco-1.25
2026-05-19 16:29:24 - INFO - Connected (version 2.0, client Cisco-1.25)
2026-05-19 16:29:24 - DEBUG - === Key exchange possibilities ===
2026-05-19 16:29:24 - DEBUG - kex algos: diffie-hellman-group-exchange-sha1, diffie-hellman-group14-sha1
2026-05-19 16:29:24 - DEBUG - server key: ssh-rsa
2026-05-19 16:29:24 - DEBUG - client encrypt: aes128-ctr, aes192-ctr, aes256-ctr
2026-05-19 16:29:24 - DEBUG - server encrypt: aes128-ctr, aes192-ctr, aes256-ctr
2026-05-19 16:29:24 - DEBUG - client mac: hmac-sha2-256, hmac-sha2-512, hmac-sha1, hmac-sha1-96
2026-05-19 16:29:24 - DEBUG - server mac: hmac-sha2-256, hmac-sha2-512, hmac-sha1, hmac-sha1-96
2026-05-19 16:29:24 - DEBUG - client compress: none
2026-05-19 16:29:24 - DEBUG - server compress: none
2026-05-19 16:29:24 - DEBUG - client lang: <none>
2026-05-19 16:29:24 - DEBUG - server lang: <none>
2026-05-19 16:29:24 - DEBUG - kex follows: False
2026-05-19 16:29:24 - DEBUG - === Key exchange agreements ===
2026-05-19 16:29:24 - DEBUG - Kex: diffie-hellman-group-exchange-sha1
2026-05-19 16:29:24 - DEBUG - HostKey: ssh-rsa
2026-05-19 16:29:24 - DEBUG - Cipher: aes128-ctr
2026-05-19 16:29:24 - DEBUG - MAC: hmac-sha2-256
2026-05-19 16:29:24 - DEBUG - Compression: none
2026-05-19 16:29:24 - DEBUG - === End of kex handshake ===
2026-05-19 16:29:24 - DEBUG - EOF in transport thread
2026-05-19 16:29:24 - DEBUG - Got server p (2048 bits)
2026-05-19 16:29:24 - DEBUG - kex engine KexGex specified hash_algo <built-in function openssl_sha1>
2026-05-19 16:29:24 - DEBUG - Switch to new keys ...
2026-05-19 16:29:24 - DEBUG - Adding ssh-rsa host key for 192.168.1.102: b'c20d519e9e00ac29f2c1bcda664dc09f'
2026-05-19 16:29:25 - DEBUG - userauth is OK
2026-05-19 16:29:25 - INFO - Authentication (password) successful!
2026-05-19 16:29:25 - DEBUG - [chan 0] Max packet in: 32768 bytes
2026-05-19 16:29:25 - DEBUG - [chan 0] Max packet out: 4096 bytes
2026-05-19 16:29:25 - DEBUG - Secsh channel 0 opened.
2026-05-19 16:29:25 - DEBUG - [chan 0] Sesch channel 0 request ok
2026-05-19 16:29:25 - DEBUG - [chan 0] Sesch channel 0 request ok
2026-05-19 16:29:25 - DEBUG - write_channel: b'\n'
2026-05-19 16:29:25 - DEBUG - write_channel: b'terminal width 511\n'
2026-05-19 16:29:25 - DEBUG - read_channel: R2#
R2#
2026-05-19 16:29:25 - DEBUG - read_channel: ter
2026-05-19 16:29:25 - DEBUG - read_channel: minal w
2026-05-19 16:29:25 - DEBUG - read_channel: id
2026-05-19 16:29:25 - DEBUG - read_channel: 
2026-05-19 16:29:25 - DEBUG - read_channel: th 511
2026-05-19 16:29:25 - DEBUG - Pattern found: (terminal width 511) R2#
R2#terminal width 511
2026-05-19 16:29:25 - DEBUG - In disable_paging
2026-05-19 16:29:25 - DEBUG - Command: terminal length 0

2026-05-19 16:29:25 - DEBUG - write_channel: b'terminal length 0\n'
2026-05-19 16:29:25 - DEBUG - read_channel: 
2026-05-19 16:29:25 - DEBUG - read_channel: 
R2#termi
2026-05-19 16:29:25 - DEBUG - read_channel: 
2026-05-19 16:29:25 - DEBUG - read_channel: nal leng
2026-05-19 16:29:25 - DEBUG - read_channel: 
2026-05-19 16:29:25 - DEBUG - read_channel: th 0
2026-05-19 16:29:25 - DEBUG - Pattern found: (terminal\ length\ 0) 
R2#terminal length 0
2026-05-19 16:29:25 - DEBUG - 
R2#terminal length 0
2026-05-19 16:29:25 - DEBUG - Exiting disable_paging
2026-05-19 16:29:25 - DEBUG - read_channel: 
R2#
2026-05-19 16:29:25 - DEBUG - Clear buffer detects data in the channel
2026-05-19 16:29:25 - DEBUG - read_channel: 
2026-05-19 16:29:25 - DEBUG - write_channel: b'\n'
2026-05-19 16:29:25 - DEBUG - read_channel: 
2026-05-19 16:29:25 - DEBUG - read_channel: 
2026-05-19 16:29:25 - DEBUG - read_channel: 
2026-05-19 16:29:25 - DEBUG - read_channel: 
R2#
2026-05-19 16:29:25 - DEBUG - 
Parenthesis found in pattern.

pattern: (\#|>)


This can be problemtic when used in read_until_pattern().

You should ensure that you use either non-capture groups i.e. '(?:' or that the
parenthesis completely wrap the pattern '(pattern)'
2026-05-19 16:29:25 - DEBUG - Pattern found: (\#|>) 
R2#
2026-05-19 16:29:25 - DEBUG - read_channel: 
2026-05-19 16:29:25 - DEBUG - [find_prompt()]: prompt is R2#
2026-05-19 16:29:25 - INFO - Successfully connected to R2
2026-05-19 16:29:25 - DEBUG - write_channel: b'\n'
2026-05-19 16:29:25 - DEBUG - read_channel: 
2026-05-19 16:29:25 - DEBUG - read_channel: 
R2#
2026-05-19 16:29:25 - DEBUG - Pattern found: ([>#]) 
R2#
2026-05-19 16:29:25 - DEBUG - write_channel: b'configure terminal\n'
2026-05-19 16:29:25 - DEBUG - read_channel: 
2026-05-19 16:29:25 - DEBUG - read_channel: 
2026-05-19 16:29:25 - DEBUG - read_channel: con
2026-05-19 16:29:25 - DEBUG - read_channel: fi
2026-05-19 16:29:25 - DEBUG - read_channel: gur
2026-05-19 16:29:25 - DEBUG - read_channel: e te
2026-05-19 16:29:25 - DEBUG - read_channel: 
2026-05-19 16:29:25 - DEBUG - read_channel: rminal
Enter configuration commands, one per line.  End with CNTL/Z.
R2(config)#
2026-05-19 16:29:25 - DEBUG - Pattern found: (configure\ terminal) configure terminal
2026-05-19 16:29:25 - DEBUG - read_channel: 
2026-05-19 16:29:25 - DEBUG - Pattern found: (R2.*) 
Enter configuration commands, one per line.  End with CNTL/Z.
R2(config)#
2026-05-19 16:29:25 - DEBUG - write_channel: b'\n'
2026-05-19 16:29:25 - DEBUG - read_channel: 
2026-05-19 16:29:25 - DEBUG - read_channel: 
2026-05-19 16:29:25 - DEBUG - read_channel: 
R2(config)#
2026-05-19 16:29:25 - DEBUG - Pattern found: ([>#]) 
R2(config)#
2026-05-19 16:29:25 - DEBUG - write_channel: b'hostname R2\n'
2026-05-19 16:29:25 - DEBUG - read_channel: 
2026-05-19 16:29:25 - DEBUG - read_channel: 
2026-05-19 16:29:25 - DEBUG - read_channel: hos
2026-05-19 16:29:25 - DEBUG - read_channel: tn
2026-05-19 16:29:25 - DEBUG - read_channel: a
2026-05-19 16:29:25 - DEBUG - read_channel: me R
2026-05-19 16:29:25 - DEBUG - read_channel: 2

2026-05-19 16:29:25 - DEBUG - Pattern found: (hostname\ R2) hostname R2
2026-05-19 16:29:25 - DEBUG - read_channel: 
2026-05-19 16:29:25 - DEBUG - read_channel: R2(config)#
2026-05-19 16:29:25 - DEBUG - Pattern found: ((?:R2.*$|#.*$)) 
R2(config)#
2026-05-19 16:29:25 - DEBUG - write_channel: b'no ip domain lookup\n'
2026-05-19 16:29:25 - DEBUG - read_channel: 
2026-05-19 16:29:25 - DEBUG - read_channel: no ip dom
2026-05-19 16:29:25 - DEBUG - read_channel: ain l
2026-05-19 16:29:25 - DEBUG - read_channel: o
2026-05-19 16:29:25 - DEBUG - read_channel: ok
2026-05-19 16:29:25 - DEBUG - read_channel: 
2026-05-19 16:29:25 - DEBUG - read_channel: 
2026-05-19 16:29:25 - DEBUG - read_channel: up
R2(config)#
2026-05-19 16:29:25 - DEBUG - Pattern found: (no\ ip\ domain\ lookup) no ip domain lookup
2026-05-19 16:29:25 - DEBUG - read_channel: 
2026-05-19 16:29:25 - DEBUG - Pattern found: ((?:R2.*$|#.*$)) 
R2(config)#
2026-05-19 16:29:25 - DEBUG - write_channel: b'!\n'
2026-05-19 16:29:25 - DEBUG - read_channel: 
2026-05-19 16:29:25 - DEBUG - read_channel: 
2026-05-19 16:29:25 - DEBUG - read_channel: 
2026-05-19 16:29:25 - DEBUG - read_channel: !
R2(config)#
2026-05-19 16:29:25 - DEBUG - Pattern found: (!) !
2026-05-19 16:29:25 - DEBUG - read_channel: 
2026-05-19 16:29:25 - DEBUG - Pattern found: ((?:R2.*$|#.*$)) 
R2(config)#
2026-05-19 16:29:25 - DEBUG - write_channel: b'line con 0\n'
2026-05-19 16:29:25 - DEBUG - read_channel: 
2026-05-19 16:29:25 - DEBUG - read_channel: 
2026-05-19 16:29:25 - DEBUG - read_channel: 
2026-05-19 16:29:25 - DEBUG - read_channel: line con 0
2026-05-19 16:29:25 - DEBUG - Pattern found: (line\ con\ 0) line con 0
2026-05-19 16:29:25 - DEBUG - read_channel: 
2026-05-19 16:29:25 - DEBUG - read_channel: 
R2(config-line)#
2026-05-19 16:29:25 - DEBUG - Pattern found: ((?:R2.*$|#.*$)) 
R2(config-line)#
2026-05-19 16:29:25 - DEBUG - write_channel: b' logging synchronous\n'
2026-05-19 16:29:25 - DEBUG - read_channel: 
2026-05-19 16:29:25 - DEBUG - read_channel:  l
2026-05-19 16:29:25 - DEBUG - read_channel: oggin
2026-05-19 16:29:25 - DEBUG - read_channel: 
2026-05-19 16:29:25 - DEBUG - read_channel: g 
2026-05-19 16:29:25 - DEBUG - read_channel: syn
2026-05-19 16:29:25 - DEBUG - read_channel: c
2026-05-19 16:29:25 - DEBUG - read_channel: 
2026-05-19 16:29:25 - DEBUG - read_channel: hronous
R2(config-line)#
2026-05-19 16:29:25 - DEBUG - Pattern found: (logging\ synchronous)  logging synchronous
2026-05-19 16:29:25 - DEBUG - read_channel: 
2026-05-19 16:29:25 - DEBUG - Pattern found: ((?:R2.*$|#.*$)) 
R2(config-line)#
2026-05-19 16:29:25 - DEBUG - write_channel: b' exit\n'
2026-05-19 16:29:25 - DEBUG - read_channel: 
2026-05-19 16:29:25 - DEBUG - read_channel: 
2026-05-19 16:29:25 - DEBUG - read_channel:  ex
2026-05-19 16:29:25 - DEBUG - read_channel: i
2026-05-19 16:29:25 - DEBUG - read_channel: t
R2(config)#
2026-05-19 16:29:25 - DEBUG - Pattern found: (exit)  exit
2026-05-19 16:29:25 - DEBUG - read_channel: 
2026-05-19 16:29:25 - DEBUG - Pattern found: ((?:R2.*$|#.*$)) 
R2(config)#
2026-05-19 16:29:25 - DEBUG - write_channel: b'!\n'
2026-05-19 16:29:25 - DEBUG - read_channel: 
2026-05-19 16:29:25 - DEBUG - read_channel: 
2026-05-19 16:29:25 - DEBUG - read_channel: !
R2(config)#
2026-05-19 16:29:25 - DEBUG - Pattern found: (!) !
2026-05-19 16:29:25 - DEBUG - read_channel: 
2026-05-19 16:29:25 - DEBUG - Pattern found: ((?:R2.*$|#.*$)) 
R2(config)#
2026-05-19 16:29:25 - DEBUG - write_channel: b'interface Loopback0\n'
2026-05-19 16:29:25 - DEBUG - read_channel: 
2026-05-19 16:29:25 - DEBUG - read_channel: 
2026-05-19 16:29:25 - DEBUG - read_channel: interfa
2026-05-19 16:29:25 - DEBUG - read_channel: c
2026-05-19 16:29:25 - DEBUG - read_channel: e L
2026-05-19 16:29:25 - DEBUG - read_channel: oo
2026-05-19 16:29:25 - DEBUG - read_channel: pbac
2026-05-19 16:29:25 - DEBUG - read_channel: k
2026-05-19 16:29:25 - DEBUG - read_channel: 0
R2(config-if)#
2026-05-19 16:29:25 - DEBUG - Pattern found: (interface\ Loopback0) interface Loopback0
2026-05-19 16:29:25 - DEBUG - read_channel: 
2026-05-19 16:29:25 - DEBUG - Pattern found: ((?:R2.*$|#.*$)) 
R2(config-if)#
2026-05-19 16:29:25 - DEBUG - write_channel: b' ip address 150.1.2.2 255.255.255.255\n'
2026-05-19 16:29:25 - DEBUG - read_channel: 
2026-05-19 16:29:25 - DEBUG - read_channel: 
2026-05-19 16:29:25 - DEBUG - read_channel:  ip add
2026-05-19 16:29:25 - DEBUG - read_channel: res
2026-05-19 16:29:26 - DEBUG - read_channel: s 15
2026-05-19 16:29:26 - DEBUG - read_channel: 0.1.
2026-05-19 16:29:26 - DEBUG - read_channel: 
2026-05-19 16:29:26 - DEBUG - read_channel: 2.
2026-05-19 16:29:26 - DEBUG - read_channel: 2 
2026-05-19 16:29:26 - DEBUG - read_channel: 
2026-05-19 16:29:26 - DEBUG - read_channel: 255
2026-05-19 16:29:26 - DEBUG - read_channel: .2
2026-05-19 16:29:26 - DEBUG - read_channel: 55
2026-05-19 16:29:26 - DEBUG - read_channel: 
2026-05-19 16:29:26 - DEBUG - read_channel: .255.2
2026-05-19 16:29:26 - DEBUG - read_channel: 55
2026-05-19 16:29:26 - DEBUG - Pattern found: (ip\ address\ 150\.1\.2\.2\ 255\.255\.255\.255)  ip address 150.1.2.2 255.255.255.255
2026-05-19 16:29:26 - DEBUG - read_channel: 
2026-05-19 16:29:26 - DEBUG - read_channel: 
R2(config-if)#
2026-05-19 16:29:26 - DEBUG - Pattern found: ((?:R2.*$|#.*$)) 
R2(config-if)#
2026-05-19 16:29:26 - DEBUG - write_channel: b' no shutdown\n'
2026-05-19 16:29:26 - DEBUG - read_channel: 
2026-05-19 16:29:26 - DEBUG - read_channel:  n
2026-05-19 16:29:26 - DEBUG - read_channel: o
2026-05-19 16:29:26 - DEBUG - read_channel: 
2026-05-19 16:29:26 - DEBUG - read_channel:  s
2026-05-19 16:29:26 - DEBUG - read_channel: hutd
2026-05-19 16:29:26 - DEBUG - read_channel: own
2026-05-19 16:29:26 - DEBUG - Pattern found: (no\ shutdown)  no shutdown
2026-05-19 16:29:26 - DEBUG - read_channel: 
2026-05-19 16:29:26 - DEBUG - read_channel: 
R2(config-if)#
2026-05-19 16:29:26 - DEBUG - Pattern found: ((?:R2.*$|#.*$)) 
R2(config-if)#
2026-05-19 16:29:26 - DEBUG - write_channel: b'!\n'
2026-05-19 16:29:26 - DEBUG - read_channel: 
2026-05-19 16:29:26 - DEBUG - read_channel: 
2026-05-19 16:29:26 - DEBUG - read_channel: !
R2(config-if)#
2026-05-19 16:29:26 - DEBUG - Pattern found: (!) !
2026-05-19 16:29:26 - DEBUG - read_channel: 
2026-05-19 16:29:26 - DEBUG - Pattern found: ((?:R2.*$|#.*$)) 
R2(config-if)#
2026-05-19 16:29:26 - DEBUG - write_channel: b'interface GigabitEthernet1\n'
2026-05-19 16:29:26 - DEBUG - read_channel: 
2026-05-19 16:29:26 - DEBUG - read_channel: 
2026-05-19 16:29:26 - DEBUG - read_channel: inter
2026-05-19 16:29:26 - DEBUG - read_channel: face Gig
2026-05-19 16:29:26 - DEBUG - read_channel: 
2026-05-19 16:29:26 - DEBUG - read_channel: abitEth
2026-05-19 16:29:26 - DEBUG - read_channel: e
2026-05-19 16:29:26 - DEBUG - read_channel: 
2026-05-19 16:29:26 - DEBUG - read_channel: rnet1
R2(config-if)#
2026-05-19 16:29:26 - DEBUG - Pattern found: (interface\ GigabitEthernet1) interface GigabitEthernet1
2026-05-19 16:29:26 - DEBUG - read_channel: 
2026-05-19 16:29:26 - DEBUG - Pattern found: ((?:R2.*$|#.*$)) 
R2(config-if)#
2026-05-19 16:29:26 - DEBUG - write_channel: b' no shutdown\n'
2026-05-19 16:29:26 - DEBUG - read_channel: 
2026-05-19 16:29:26 - DEBUG - read_channel:  n
2026-05-19 16:29:26 - DEBUG - read_channel: o
2026-05-19 16:29:26 - DEBUG - read_channel:  shu
2026-05-19 16:29:26 - DEBUG - read_channel: 
2026-05-19 16:29:26 - DEBUG - read_channel: tdo
2026-05-19 16:29:26 - DEBUG - read_channel: wn
R2(config-if)#
2026-05-19 16:29:26 - DEBUG - Pattern found: (no\ shutdown)  no shutdown
2026-05-19 16:29:26 - DEBUG - read_channel: 
2026-05-19 16:29:26 - DEBUG - Pattern found: ((?:R2.*$|#.*$)) 
R2(config-if)#
2026-05-19 16:29:26 - DEBUG - write_channel: b'!\n'
2026-05-19 16:29:26 - DEBUG - read_channel: 
2026-05-19 16:29:26 - DEBUG - read_channel: !
R2(config-if)#
2026-05-19 16:29:26 - DEBUG - Pattern found: (!) !
2026-05-19 16:29:26 - DEBUG - read_channel: 
2026-05-19 16:29:26 - DEBUG - Pattern found: ((?:R2.*$|#.*$)) 
R2(config-if)#
2026-05-19 16:29:26 - DEBUG - write_channel: b'interface GigabitEthernet1.12\n'
2026-05-19 16:29:26 - DEBUG - read_channel: 
2026-05-19 16:29:26 - DEBUG - read_channel: 
2026-05-19 16:29:26 - DEBUG - read_channel: inte
2026-05-19 16:29:26 - DEBUG - read_channel: r
2026-05-19 16:29:26 - DEBUG - read_channel: 
2026-05-19 16:29:26 - DEBUG - read_channel: face G
2026-05-19 16:29:26 - DEBUG - read_channel: ig
2026-05-19 16:29:26 - DEBUG - read_channel: ab
2026-05-19 16:29:26 - DEBUG - read_channel: itEthe
2026-05-19 16:29:26 - DEBUG - read_channel: rn
2026-05-19 16:29:26 - DEBUG - read_channel: et1.1
2026-05-19 16:29:26 - DEBUG - read_channel: 2

2026-05-19 16:29:26 - DEBUG - Pattern found: (interface\ GigabitEthernet1\.12) interface GigabitEthernet1.12
2026-05-19 16:29:26 - DEBUG - read_channel: 
2026-05-19 16:29:26 - DEBUG - read_channel: R2(config-subif)#
2026-05-19 16:29:26 - DEBUG - Pattern found: ((?:R2.*$|#.*$)) 
R2(config-subif)#
2026-05-19 16:29:26 - DEBUG - write_channel: b' encapsulation dot1Q 12\n'
2026-05-19 16:29:26 - DEBUG - read_channel: 
2026-05-19 16:29:26 - DEBUG - read_channel:  
2026-05-19 16:29:26 - DEBUG - read_channel: en
2026-05-19 16:29:26 - DEBUG - read_channel: caps
2026-05-19 16:29:26 - DEBUG - read_channel: 
2026-05-19 16:29:26 - DEBUG - read_channel: ulatio
2026-05-19 16:29:26 - DEBUG - read_channel: n dot1Q
2026-05-19 16:29:26 - DEBUG - read_channel:  
2026-05-19 16:29:26 - DEBUG - read_channel: 12
R2(config-subif)#
2026-05-19 16:29:26 - DEBUG - Pattern found: (encapsulation\ dot1Q\ 12)  encapsulation dot1Q 12
2026-05-19 16:29:26 - DEBUG - read_channel: 
2026-05-19 16:29:26 - DEBUG - Pattern found: ((?:R2.*$|#.*$)) 
R2(config-subif)#
2026-05-19 16:29:26 - DEBUG - write_channel: b' ip address 155.1.12.2 255.255.255.0\n'
2026-05-19 16:29:26 - DEBUG - read_channel: 
2026-05-19 16:29:26 - DEBUG - read_channel: 
2026-05-19 16:29:26 - DEBUG - read_channel:  ip
2026-05-19 16:29:26 - DEBUG - read_channel:  a
2026-05-19 16:29:26 - DEBUG - read_channel: ddre
2026-05-19 16:29:26 - DEBUG - read_channel: ss 155
2026-05-19 16:29:26 - DEBUG - read_channel: 
2026-05-19 16:29:26 - DEBUG - read_channel: .1.1
2026-05-19 16:29:26 - DEBUG - read_channel: 2.2 
2026-05-19 16:29:26 - DEBUG - read_channel: 
2026-05-19 16:29:26 - DEBUG - read_channel: 255.
2026-05-19 16:29:26 - DEBUG - read_channel: 255.
2026-05-19 16:29:26 - DEBUG - read_channel: 
2026-05-19 16:29:26 - DEBUG - read_channel: 255.0
R2(config-subif)#
2026-05-19 16:29:26 - DEBUG - Pattern found: (ip\ address\ 155\.1\.12\.2\ 255\.255\.255\.0)  ip address 155.1.12.2 255.255.255.0
2026-05-19 16:29:26 - DEBUG - read_channel: 
2026-05-19 16:29:26 - DEBUG - Pattern found: ((?:R2.*$|#.*$)) 
R2(config-subif)#
2026-05-19 16:29:26 - DEBUG - write_channel: b' no shutdown\n'
2026-05-19 16:29:26 - DEBUG - read_channel: 
2026-05-19 16:29:26 - DEBUG - read_channel:  
2026-05-19 16:29:26 - DEBUG - read_channel: no
2026-05-19 16:29:26 - DEBUG - read_channel:  shutdow
2026-05-19 16:29:26 - DEBUG - read_channel: n
R2(config-subif)#
2026-05-19 16:29:26 - DEBUG - Pattern found: (no\ shutdown)  no shutdown
2026-05-19 16:29:26 - DEBUG - read_channel: 
2026-05-19 16:29:26 - DEBUG - Pattern found: ((?:R2.*$|#.*$)) 
R2(config-subif)#
2026-05-19 16:29:26 - DEBUG - write_channel: b'!\n'
2026-05-19 16:29:26 - DEBUG - read_channel: 
2026-05-19 16:29:26 - DEBUG - read_channel: 
2026-05-19 16:29:26 - DEBUG - read_channel: !
R2(config-subif)#
2026-05-19 16:29:26 - DEBUG - Pattern found: (!) !
2026-05-19 16:29:26 - DEBUG - read_channel: 
2026-05-19 16:29:26 - DEBUG - Pattern found: ((?:R2.*$|#.*$)) 
R2(config-subif)#
2026-05-19 16:29:26 - DEBUG - write_channel: b'router rip\n'
2026-05-19 16:29:26 - DEBUG - read_channel: 
2026-05-19 16:29:26 - DEBUG - read_channel: rout
2026-05-19 16:29:26 - DEBUG - read_channel: e
2026-05-19 16:29:26 - DEBUG - read_channel: r rip

2026-05-19 16:29:26 - DEBUG - Pattern found: (router\ rip) router rip
2026-05-19 16:29:26 - DEBUG - read_channel: 
2026-05-19 16:29:26 - DEBUG - read_channel: R2(config-router)#
2026-05-19 16:29:26 - DEBUG - Pattern found: ((?:R2.*$|#.*$)) 
R2(config-router)#
2026-05-19 16:29:26 - DEBUG - write_channel: b' version 2\n'
2026-05-19 16:29:26 - DEBUG - read_channel: 
2026-05-19 16:29:26 - DEBUG - read_channel: 
2026-05-19 16:29:26 - DEBUG - read_channel: 
2026-05-19 16:29:26 - DEBUG - read_channel:  ver
2026-05-19 16:29:26 - DEBUG - read_channel: sion 2
R2(config-router)#
2026-05-19 16:29:26 - DEBUG - Pattern found: (version\ 2)  version 2
2026-05-19 16:29:26 - DEBUG - read_channel: 
2026-05-19 16:29:26 - DEBUG - Pattern found: ((?:R2.*$|#.*$)) 
R2(config-router)#
2026-05-19 16:29:26 - DEBUG - write_channel: b' network 155.1.12.0\n'
2026-05-19 16:29:26 - DEBUG - read_channel: 
2026-05-19 16:29:26 - DEBUG - read_channel: 
2026-05-19 16:29:26 - DEBUG - read_channel:  ne
2026-05-19 16:29:26 - DEBUG - read_channel: twork 
2026-05-19 16:29:26 - DEBUG - read_channel: 155.1
2026-05-19 16:29:26 - DEBUG - read_channel: .12.0
2026-05-19 16:29:26 - DEBUG - Pattern found: (network\ 155\.1\.12\.0)  network 155.1.12.0
2026-05-19 16:29:26 - DEBUG - read_channel: 
2026-05-19 16:29:26 - DEBUG - read_channel: 
2026-05-19 16:29:26 - DEBUG - read_channel: 
R2(config-router)#
2026-05-19 16:29:26 - DEBUG - Pattern found: ((?:R2.*$|#.*$)) 
R2(config-router)#
2026-05-19 16:29:26 - DEBUG - write_channel: b' network 150.1.2.0\n'
2026-05-19 16:29:26 - DEBUG - read_channel: 
2026-05-19 16:29:26 - DEBUG - read_channel:  ne
2026-05-19 16:29:26 - DEBUG - read_channel: tw
2026-05-19 16:29:26 - DEBUG - read_channel: 
2026-05-19 16:29:26 - DEBUG - read_channel: ork
2026-05-19 16:29:27 - DEBUG - read_channel:  150
2026-05-19 16:29:27 - DEBUG - read_channel: .1.2
2026-05-19 16:29:27 - DEBUG - read_channel: .0
R2(config-router)#
2026-05-19 16:29:27 - DEBUG - Pattern found: (network\ 150\.1\.2\.0)  network 150.1.2.0
2026-05-19 16:29:27 - DEBUG - read_channel: 
2026-05-19 16:29:27 - DEBUG - Pattern found: ((?:R2.*$|#.*$)) 
R2(config-router)#
2026-05-19 16:29:27 - DEBUG - write_channel: b' no auto-summary\n'
2026-05-19 16:29:27 - DEBUG - read_channel: 
2026-05-19 16:29:27 - DEBUG - read_channel:  no
2026-05-19 16:29:27 - DEBUG - read_channel: 
2026-05-19 16:29:27 - DEBUG - read_channel: 
2026-05-19 16:29:27 - DEBUG - read_channel:  au
2026-05-19 16:29:27 - DEBUG - read_channel: to-su
2026-05-19 16:29:27 - DEBUG - read_channel: m
2026-05-19 16:29:27 - DEBUG - read_channel: mar
2026-05-19 16:29:27 - DEBUG - read_channel: 
2026-05-19 16:29:27 - DEBUG - read_channel: y
R2(config-router)#
2026-05-19 16:29:27 - DEBUG - Pattern found: (no\ auto\-summary)  no auto-summary
2026-05-19 16:29:27 - DEBUG - read_channel: 
2026-05-19 16:29:27 - DEBUG - Pattern found: ((?:R2.*$|#.*$)) 
R2(config-router)#
2026-05-19 16:29:27 - DEBUG - write_channel: b' exit\n'
2026-05-19 16:29:27 - DEBUG - read_channel: 
2026-05-19 16:29:27 - DEBUG - read_channel:  exit
2026-05-19 16:29:27 - DEBUG - Pattern found: (exit)  exit
2026-05-19 16:29:27 - DEBUG - read_channel: 
2026-05-19 16:29:27 - DEBUG - read_channel: 
2026-05-19 16:29:27 - DEBUG - read_channel: 
R2(config)#
2026-05-19 16:29:27 - DEBUG - Pattern found: ((?:R2.*$|#.*$)) 
R2(config)#
2026-05-19 16:29:27 - DEBUG - write_channel: b'!\n'
2026-05-19 16:29:27 - DEBUG - read_channel: 
2026-05-19 16:29:27 - DEBUG - read_channel: !
R2(config)#
2026-05-19 16:29:27 - DEBUG - Pattern found: (!) !
2026-05-19 16:29:27 - DEBUG - read_channel: 
2026-05-19 16:29:27 - DEBUG - Pattern found: ((?:R2.*$|#.*$)) 
R2(config)#
2026-05-19 16:29:27 - DEBUG - write_channel: b'line vty 0 4\n'
2026-05-19 16:29:27 - DEBUG - read_channel: 
2026-05-19 16:29:27 - DEBUG - read_channel: lin
2026-05-19 16:29:27 - DEBUG - read_channel: 
2026-05-19 16:29:27 - DEBUG - read_channel: e 
2026-05-19 16:29:27 - DEBUG - read_channel: 
2026-05-19 16:29:27 - DEBUG - read_channel: vty 
2026-05-19 16:29:27 - DEBUG - read_channel: 0 
2026-05-19 16:29:27 - DEBUG - read_channel: 4
R2(config-line)#
2026-05-19 16:29:27 - DEBUG - Pattern found: (line\ vty\ 0\ 4) line vty 0 4
2026-05-19 16:29:27 - DEBUG - read_channel: 
2026-05-19 16:29:27 - DEBUG - Pattern found: ((?:R2.*$|#.*$)) 
R2(config-line)#
2026-05-19 16:29:27 - DEBUG - write_channel: b' login local\n'
2026-05-19 16:29:27 - DEBUG - read_channel: 
2026-05-19 16:29:27 - DEBUG - read_channel: 
2026-05-19 16:29:27 - DEBUG - read_channel:  login
2026-05-19 16:29:27 - DEBUG - read_channel:  local

2026-05-19 16:29:27 - DEBUG - Pattern found: (login\ local)  login local
2026-05-19 16:29:27 - DEBUG - read_channel: 
2026-05-19 16:29:27 - DEBUG - read_channel: R2(config-line)#
2026-05-19 16:29:27 - DEBUG - Pattern found: ((?:R2.*$|#.*$)) 
R2(config-line)#
2026-05-19 16:29:27 - DEBUG - write_channel: b' transport input all\n'
2026-05-19 16:29:27 - DEBUG - read_channel: 
2026-05-19 16:29:27 - DEBUG - read_channel: 
2026-05-19 16:29:27 - DEBUG - read_channel:  tr
2026-05-19 16:29:27 - DEBUG - read_channel: 
2026-05-19 16:29:27 - DEBUG - read_channel: ansp
2026-05-19 16:29:27 - DEBUG - read_channel: or
2026-05-19 16:29:27 - DEBUG - read_channel: t i
2026-05-19 16:29:27 - DEBUG - read_channel: n
2026-05-19 16:29:27 - DEBUG - read_channel: pu
2026-05-19 16:29:27 - DEBUG - read_channel: t all
R2(config-line)#
2026-05-19 16:29:27 - DEBUG - Pattern found: (transport\ input\ all)  transport input all
2026-05-19 16:29:27 - DEBUG - read_channel: 
2026-05-19 16:29:27 - DEBUG - Pattern found: ((?:R2.*$|#.*$)) 
R2(config-line)#
2026-05-19 16:29:27 - DEBUG - write_channel: b' exit\n'
2026-05-19 16:29:27 - DEBUG - read_channel: 
2026-05-19 16:29:27 - DEBUG - read_channel: 
2026-05-19 16:29:27 - DEBUG - read_channel: 
2026-05-19 16:29:27 - DEBUG - read_channel:  ex
2026-05-19 16:29:27 - DEBUG - read_channel: it
2026-05-19 16:29:27 - DEBUG - Pattern found: (exit)  exit
2026-05-19 16:29:27 - DEBUG - read_channel: 
2026-05-19 16:29:27 - DEBUG - read_channel: 
2026-05-19 16:29:27 - DEBUG - read_channel: 
R2(config)#
2026-05-19 16:29:27 - DEBUG - Pattern found: ((?:R2.*$|#.*$)) 
R2(config)#
2026-05-19 16:29:27 - DEBUG - write_channel: b'\n'
2026-05-19 16:29:27 - DEBUG - read_channel: 
2026-05-19 16:29:27 - DEBUG - read_channel: 
2026-05-19 16:29:27 - DEBUG - read_channel: 
R2(config)#
2026-05-19 16:29:27 - DEBUG - Pattern found: ([>#]) 
R2(config)#
2026-05-19 16:29:27 - DEBUG - write_channel: b'end\n'
2026-05-19 16:29:27 - DEBUG - read_channel: 
2026-05-19 16:29:27 - DEBUG - read_channel: end
R2#
2026-05-19 16:29:27 - DEBUG - Pattern found: (end) end
2026-05-19 16:29:27 - DEBUG - read_channel: 
2026-05-19 16:29:27 - DEBUG - Pattern found: (#.*) 
R2#
2026-05-19 16:29:27 - DEBUG - write_channel: b'\n'
2026-05-19 16:29:27 - DEBUG - read_channel: 
2026-05-19 16:29:27 - DEBUG - read_channel: 
2026-05-19 16:29:27 - DEBUG - read_channel: 
2026-05-19 16:29:27 - DEBUG - read_channel: 
R2#
2026-05-19 16:29:27 - DEBUG - Pattern found: ([>#]) 
R2#
2026-05-19 16:29:27 - DEBUG - exit_config_mode: end
R2#
2026-05-19 16:29:27 - DEBUG - configure terminal
Enter configuration commands, one per line.  End with CNTL/Z.
R2(config)#hostname R2
R2(config)#no ip domain lookup
R2(config)#!
R2(config)#line con 0
R2(config-line)# logging synchronous
R2(config-line)# exit
R2(config)#!
R2(config)#interface Loopback0
R2(config-if)# ip address 150.1.2.2 255.255.255.255
R2(config-if)# no shutdown
R2(config-if)#!
R2(config-if)#interface GigabitEthernet1
R2(config-if)# no shutdown
R2(config-if)#!
R2(config-if)#interface GigabitEthernet1.12
R2(config-subif)# encapsulation dot1Q 12
R2(config-subif)# ip address 155.1.12.2 255.255.255.0
R2(config-subif)# no shutdown
R2(config-subif)#!
R2(config-subif)#router rip
R2(config-router)# version 2
R2(config-router)# network 155.1.12.0
R2(config-router)# network 150.1.2.0
R2(config-router)# no auto-summary
R2(config-router)# exit
R2(config)#!
R2(config)#line vty 0 4
R2(config-line)# login local
R2(config-line)# transport input all
R2(config-line)# exit
R2(config)#end
R2#
2026-05-19 16:29:27 - INFO - Config pushed to R2 successfully
2026-05-19 16:29:27 - DEBUG - Device output from R2:
configure terminal
Enter configuration commands, one per line.  End with CNTL/Z.
R2(config)#hostname R2
R2(config)#no ip domain lookup
R2(config)#!
R2(config)#line con 0
R2(config-line)# logging synchronous
R2(config-line)# exit
R2(config)#!
R2(config)#interface Loopback0
R2(config-if)# ip address 150.1.2.2 255.255.255.255
R2(config-if)# no shutdown
R2(config-if)#!
R2(config-if)#interface GigabitEthernet1
R2(config-if)# no shutdown
R2(config-if)#!
R2(config-if)#interface GigabitEthernet1.12
R2(config-subif)# encapsulation dot1Q 12
R2(config-subif)# ip address 155.1.12.2 255.255.255.0
R2(config-subif)# no shutdown
R2(config-subif)#!
R2(config-subif)#router rip
R2(config-router)# version 2
R2(config-router)# network 155.1.12.0
R2(config-router)# network 150.1.2.0
R2(config-router)# no auto-summary
R2(config-router)# exit
R2(config)#!
R2(config)#line vty 0 4
R2(config-line)# login local
R2(config-line)# transport input all
R2(config-line)# exit
R2(config)#end
R2#
2026-05-19 16:29:27 - DEBUG - write_channel: b'\n'
2026-05-19 16:29:27 - DEBUG - read_channel: 
2026-05-19 16:29:27 - DEBUG - read_channel: 
R2#
2026-05-19 16:29:27 - DEBUG - Pattern found: ([>#]) 
R2#
2026-05-19 16:29:27 - DEBUG - write_channel: b'exit\n'
2026-05-19 16:29:27 - INFO - Disconnected from R2 successfully
2026-05-19 16:29:27 - INFO - ============================================================
2026-05-19 16:29:27 - INFO - Connecting to R3 (192.168.1.103)
2026-05-19 16:29:27 - INFO - ============================================================
2026-05-19 16:29:27 - INFO - Config generated for R3 successfully
2026-05-19 16:29:27 - DEBUG - EOF in transport thread
2026-05-19 16:29:27 - DEBUG - Generated config for R3:
hostname R3
no ip domain lookup
!
line con 0
 logging synchronous
 exit
!
interface Loopback0
 ip address 150.1.3.3 255.255.255.255
 no shutdown
!
interface GigabitEthernet1
 no shutdown
!
router rip
 version 2
 no auto-summary
 exit
!
line vty 0 4
 login local
 transport input all
 exit
2026-05-19 16:29:27 - DEBUG - starting thread (client mode): 0xb9edf760
2026-05-19 16:29:27 - DEBUG - Local version/idstring: SSH-2.0-paramiko_3.5.1
2026-05-19 16:29:27 - DEBUG - Remote version/idstring: SSH-2.0-Cisco-1.25
2026-05-19 16:29:27 - INFO - Connected (version 2.0, client Cisco-1.25)
2026-05-19 16:29:27 - DEBUG - === Key exchange possibilities ===
2026-05-19 16:29:27 - DEBUG - kex algos: diffie-hellman-group-exchange-sha1, diffie-hellman-group14-sha1
2026-05-19 16:29:27 - DEBUG - server key: ssh-rsa
2026-05-19 16:29:27 - DEBUG - client encrypt: aes128-ctr, aes192-ctr, aes256-ctr
2026-05-19 16:29:27 - DEBUG - server encrypt: aes128-ctr, aes192-ctr, aes256-ctr
2026-05-19 16:29:27 - DEBUG - client mac: hmac-sha2-256, hmac-sha2-512, hmac-sha1, hmac-sha1-96
2026-05-19 16:29:27 - DEBUG - server mac: hmac-sha2-256, hmac-sha2-512, hmac-sha1, hmac-sha1-96
2026-05-19 16:29:27 - DEBUG - client compress: none
2026-05-19 16:29:27 - DEBUG - server compress: none
2026-05-19 16:29:27 - DEBUG - client lang: <none>
2026-05-19 16:29:27 - DEBUG - server lang: <none>
2026-05-19 16:29:27 - DEBUG - kex follows: False
2026-05-19 16:29:27 - DEBUG - === Key exchange agreements ===
2026-05-19 16:29:27 - DEBUG - Kex: diffie-hellman-group-exchange-sha1
2026-05-19 16:29:27 - DEBUG - HostKey: ssh-rsa
2026-05-19 16:29:27 - DEBUG - Cipher: aes128-ctr
2026-05-19 16:29:27 - DEBUG - MAC: hmac-sha2-256
2026-05-19 16:29:27 - DEBUG - Compression: none
2026-05-19 16:29:27 - DEBUG - === End of kex handshake ===
2026-05-19 16:29:27 - DEBUG - Got server p (2048 bits)
2026-05-19 16:29:27 - DEBUG - kex engine KexGex specified hash_algo <built-in function openssl_sha1>
2026-05-19 16:29:27 - DEBUG - Switch to new keys ...
2026-05-19 16:29:27 - DEBUG - Adding ssh-rsa host key for 192.168.1.103: b'c20d519e9e00ac29f2c1bcda664dc09f'
2026-05-19 16:29:28 - DEBUG - userauth is OK
2026-05-19 16:29:28 - INFO - Authentication (password) successful!
2026-05-19 16:29:28 - DEBUG - [chan 0] Max packet in: 32768 bytes
2026-05-19 16:29:28 - DEBUG - [chan 0] Max packet out: 4096 bytes
2026-05-19 16:29:28 - DEBUG - Secsh channel 0 opened.
2026-05-19 16:29:28 - DEBUG - [chan 0] Sesch channel 0 request ok
2026-05-19 16:29:28 - DEBUG - [chan 0] Sesch channel 0 request ok
2026-05-19 16:29:28 - DEBUG - write_channel: b'\n'
2026-05-19 16:29:28 - DEBUG - write_channel: b'terminal width 511\n'
2026-05-19 16:29:28 - DEBUG - read_channel: R3#
R3#
2026-05-19 16:29:28 - DEBUG - read_channel: 
2026-05-19 16:29:28 - DEBUG - read_channel: termina
2026-05-19 16:29:28 - DEBUG - read_channel: 
2026-05-19 16:29:28 - DEBUG - read_channel: l 
2026-05-19 16:29:28 - DEBUG - read_channel: widt
2026-05-19 16:29:28 - DEBUG - read_channel: h 51
2026-05-19 16:29:28 - DEBUG - read_channel: 
2026-05-19 16:29:28 - DEBUG - read_channel: 1
R3#
2026-05-19 16:29:28 - DEBUG - Pattern found: (terminal width 511) R3#
R3#terminal width 511
2026-05-19 16:29:28 - DEBUG - In disable_paging
2026-05-19 16:29:28 - DEBUG - Command: terminal length 0

2026-05-19 16:29:28 - DEBUG - write_channel: b'terminal length 0\n'
2026-05-19 16:29:28 - DEBUG - read_channel: 
2026-05-19 16:29:28 - DEBUG - read_channel: 
2026-05-19 16:29:28 - DEBUG - read_channel: t
2026-05-19 16:29:28 - DEBUG - read_channel: ermi
2026-05-19 16:29:28 - DEBUG - read_channel: nal
2026-05-19 16:29:28 - DEBUG - read_channel:  le
2026-05-19 16:29:28 - DEBUG - read_channel: ngth
2026-05-19 16:29:28 - DEBUG - read_channel:  0
R3#
2026-05-19 16:29:28 - DEBUG - Pattern found: (terminal\ length\ 0) 
R3#terminal length 0
2026-05-19 16:29:28 - DEBUG - 
R3#terminal length 0
2026-05-19 16:29:28 - DEBUG - Exiting disable_paging
2026-05-19 16:29:28 - DEBUG - read_channel: 
2026-05-19 16:29:28 - DEBUG - Clear buffer detects data in the channel
2026-05-19 16:29:28 - DEBUG - read_channel: 
2026-05-19 16:29:28 - DEBUG - write_channel: b'\n'
2026-05-19 16:29:28 - DEBUG - read_channel: 
2026-05-19 16:29:28 - DEBUG - read_channel: 
2026-05-19 16:29:28 - DEBUG - read_channel: 
R3#
2026-05-19 16:29:28 - DEBUG - 
Parenthesis found in pattern.

pattern: (\#|>)


This can be problemtic when used in read_until_pattern().

You should ensure that you use either non-capture groups i.e. '(?:' or that the
parenthesis completely wrap the pattern '(pattern)'
2026-05-19 16:29:28 - DEBUG - Pattern found: (\#|>) 
R3#
2026-05-19 16:29:28 - DEBUG - read_channel: 
2026-05-19 16:29:28 - DEBUG - [find_prompt()]: prompt is R3#
2026-05-19 16:29:28 - INFO - Successfully connected to R3
2026-05-19 16:29:28 - DEBUG - write_channel: b'\n'
2026-05-19 16:29:28 - DEBUG - read_channel: 
2026-05-19 16:29:28 - DEBUG - read_channel: 
2026-05-19 16:29:28 - DEBUG - read_channel: 
R3#
2026-05-19 16:29:28 - DEBUG - Pattern found: ([>#]) 
R3#
2026-05-19 16:29:28 - DEBUG - write_channel: b'configure terminal\n'
2026-05-19 16:29:28 - DEBUG - read_channel: 
2026-05-19 16:29:28 - DEBUG - read_channel: conf
2026-05-19 16:29:28 - DEBUG - read_channel: igur
2026-05-19 16:29:28 - DEBUG - read_channel: e termin
2026-05-19 16:29:28 - DEBUG - read_channel: al
Enter configuration commands, one per line.  End with CNTL/Z.
R3(config)#
2026-05-19 16:29:28 - DEBUG - Pattern found: (configure\ terminal) configure terminal
2026-05-19 16:29:28 - DEBUG - read_channel: 
2026-05-19 16:29:28 - DEBUG - Pattern found: (R3.*) 
Enter configuration commands, one per line.  End with CNTL/Z.
R3(config)#
2026-05-19 16:29:28 - DEBUG - write_channel: b'\n'
2026-05-19 16:29:28 - DEBUG - read_channel: 
2026-05-19 16:29:28 - DEBUG - read_channel: 
2026-05-19 16:29:28 - DEBUG - read_channel: 
R3(config)#
2026-05-19 16:29:28 - DEBUG - Pattern found: ([>#]) 
R3(config)#
2026-05-19 16:29:28 - DEBUG - write_channel: b'hostname R3\n'
2026-05-19 16:29:28 - DEBUG - read_channel: 
2026-05-19 16:29:28 - DEBUG - read_channel: hos
2026-05-19 16:29:28 - DEBUG - read_channel: tnam
2026-05-19 16:29:28 - DEBUG - read_channel: e R3
2026-05-19 16:29:28 - DEBUG - Pattern found: (hostname\ R3) hostname R3
2026-05-19 16:29:28 - DEBUG - read_channel: 
2026-05-19 16:29:28 - DEBUG - read_channel: 

2026-05-19 16:29:28 - DEBUG - read_channel: 
2026-05-19 16:29:28 - DEBUG - read_channel: R3(config)#
2026-05-19 16:29:28 - DEBUG - Pattern found: ((?:R3.*$|#.*$)) 
R3(config)#
2026-05-19 16:29:28 - DEBUG - write_channel: b'no ip domain lookup\n'
2026-05-19 16:29:28 - DEBUG - read_channel: 
2026-05-19 16:29:28 - DEBUG - read_channel: no
2026-05-19 16:29:28 - DEBUG - read_channel:  
2026-05-19 16:29:28 - DEBUG - read_channel: ip
2026-05-19 16:29:28 - DEBUG - read_channel:  doma
2026-05-19 16:29:28 - DEBUG - read_channel: in
2026-05-19 16:29:28 - DEBUG - read_channel:  l
2026-05-19 16:29:28 - DEBUG - read_channel: 
2026-05-19 16:29:28 - DEBUG - read_channel: o
2026-05-19 16:29:28 - DEBUG - read_channel: okup
R3(config)#
2026-05-19 16:29:28 - DEBUG - Pattern found: (no\ ip\ domain\ lookup) no ip domain lookup
2026-05-19 16:29:28 - DEBUG - read_channel: 
2026-05-19 16:29:28 - DEBUG - Pattern found: ((?:R3.*$|#.*$)) 
R3(config)#
2026-05-19 16:29:28 - DEBUG - write_channel: b'!\n'
2026-05-19 16:29:28 - DEBUG - read_channel: 
2026-05-19 16:29:28 - DEBUG - read_channel: 
2026-05-19 16:29:28 - DEBUG - read_channel: !
R3(config)#
2026-05-19 16:29:28 - DEBUG - Pattern found: (!) !
2026-05-19 16:29:28 - DEBUG - read_channel: 
2026-05-19 16:29:28 - DEBUG - Pattern found: ((?:R3.*$|#.*$)) 
R3(config)#
2026-05-19 16:29:28 - DEBUG - write_channel: b'line con 0\n'
2026-05-19 16:29:28 - DEBUG - read_channel: 
2026-05-19 16:29:28 - DEBUG - read_channel: 
2026-05-19 16:29:28 - DEBUG - read_channel: lin
2026-05-19 16:29:28 - DEBUG - read_channel: e co
2026-05-19 16:29:28 - DEBUG - read_channel: n 0
R3(config-line)#
2026-05-19 16:29:28 - DEBUG - Pattern found: (line\ con\ 0) line con 0
2026-05-19 16:29:28 - DEBUG - read_channel: 
2026-05-19 16:29:28 - DEBUG - Pattern found: ((?:R3.*$|#.*$)) 
R3(config-line)#
2026-05-19 16:29:28 - DEBUG - write_channel: b' logging synchronous\n'
2026-05-19 16:29:28 - DEBUG - read_channel: 
2026-05-19 16:29:28 - DEBUG - read_channel: 
2026-05-19 16:29:28 - DEBUG - read_channel:  lo
2026-05-19 16:29:28 - DEBUG - read_channel: ggin
2026-05-19 16:29:28 - DEBUG - read_channel: g
2026-05-19 16:29:28 - DEBUG - read_channel:  syn
2026-05-19 16:29:28 - DEBUG - read_channel: chr
2026-05-19 16:29:28 - DEBUG - read_channel: 
2026-05-19 16:29:28 - DEBUG - read_channel: 
2026-05-19 16:29:28 - DEBUG - read_channel: on
2026-05-19 16:29:28 - DEBUG - read_channel: ous
2026-05-19 16:29:28 - DEBUG - Pattern found: (logging\ synchronous)  logging synchronous
2026-05-19 16:29:28 - DEBUG - read_channel: 
2026-05-19 16:29:28 - DEBUG - read_channel: 
R3(config-line)#
2026-05-19 16:29:28 - DEBUG - Pattern found: ((?:R3.*$|#.*$)) 
R3(config-line)#
2026-05-19 16:29:28 - DEBUG - write_channel: b' exit\n'
2026-05-19 16:29:28 - DEBUG - read_channel: 
2026-05-19 16:29:28 - DEBUG - read_channel:  ex
2026-05-19 16:29:28 - DEBUG - read_channel: 
2026-05-19 16:29:28 - DEBUG - read_channel: 
2026-05-19 16:29:28 - DEBUG - read_channel: it
R3(config)#
2026-05-19 16:29:28 - DEBUG - Pattern found: (exit)  exit
2026-05-19 16:29:28 - DEBUG - read_channel: 
2026-05-19 16:29:28 - DEBUG - Pattern found: ((?:R3.*$|#.*$)) 
R3(config)#
2026-05-19 16:29:28 - DEBUG - write_channel: b'!\n'
2026-05-19 16:29:28 - DEBUG - read_channel: 
2026-05-19 16:29:28 - DEBUG - read_channel: 
2026-05-19 16:29:28 - DEBUG - read_channel: 
2026-05-19 16:29:28 - DEBUG - read_channel: !
R3(config)#
2026-05-19 16:29:28 - DEBUG - Pattern found: (!) !
2026-05-19 16:29:28 - DEBUG - read_channel: 
2026-05-19 16:29:28 - DEBUG - Pattern found: ((?:R3.*$|#.*$)) 
R3(config)#
2026-05-19 16:29:28 - DEBUG - write_channel: b'interface Loopback0\n'
2026-05-19 16:29:28 - DEBUG - read_channel: 
2026-05-19 16:29:28 - DEBUG - read_channel: 
2026-05-19 16:29:28 - DEBUG - read_channel: 
2026-05-19 16:29:28 - DEBUG - read_channel: interfa
2026-05-19 16:29:28 - DEBUG - read_channel: ce Loo
2026-05-19 16:29:28 - DEBUG - read_channel: pback0
R3(config-if)#
2026-05-19 16:29:28 - DEBUG - Pattern found: (interface\ Loopback0) interface Loopback0
2026-05-19 16:29:28 - DEBUG - read_channel: 
2026-05-19 16:29:28 - DEBUG - Pattern found: ((?:R3.*$|#.*$)) 
R3(config-if)#
2026-05-19 16:29:28 - DEBUG - write_channel: b' ip address 150.1.3.3 255.255.255.255\n'
2026-05-19 16:29:28 - DEBUG - read_channel: 
2026-05-19 16:29:28 - DEBUG - read_channel:  ip add
2026-05-19 16:29:28 - DEBUG - read_channel: ress
2026-05-19 16:29:28 - DEBUG - read_channel:  1
2026-05-19 16:29:28 - DEBUG - read_channel: 50.
2026-05-19 16:29:29 - DEBUG - read_channel: 1.3.3
2026-05-19 16:29:29 - DEBUG - read_channel: 
2026-05-19 16:29:29 - DEBUG - read_channel:  25
2026-05-19 16:29:29 - DEBUG - read_channel: 5.2
2026-05-19 16:29:29 - DEBUG - read_channel: 55.2
2026-05-19 16:29:29 - DEBUG - read_channel: 
2026-05-19 16:29:29 - DEBUG - read_channel: 55.2
2026-05-19 16:29:29 - DEBUG - read_channel: 55
R3(config-if)#
2026-05-19 16:29:29 - DEBUG - Pattern found: (ip\ address\ 150\.1\.3\.3\ 255\.255\.255\.255)  ip address 150.1.3.3 255.255.255.255
2026-05-19 16:29:29 - DEBUG - read_channel: 
2026-05-19 16:29:29 - DEBUG - Pattern found: ((?:R3.*$|#.*$)) 
R3(config-if)#
2026-05-19 16:29:29 - DEBUG - write_channel: b' no shutdown\n'
2026-05-19 16:29:29 - DEBUG - read_channel: 
2026-05-19 16:29:29 - DEBUG - read_channel: 
2026-05-19 16:29:29 - DEBUG - read_channel:  no s
2026-05-19 16:29:29 - DEBUG - read_channel: hutd
2026-05-19 16:29:29 - DEBUG - read_channel: 
2026-05-19 16:29:29 - DEBUG - read_channel: own
R3(config-if)#
2026-05-19 16:29:29 - DEBUG - Pattern found: (no\ shutdown)  no shutdown
2026-05-19 16:29:29 - DEBUG - read_channel: 
2026-05-19 16:29:29 - DEBUG - Pattern found: ((?:R3.*$|#.*$)) 
R3(config-if)#
2026-05-19 16:29:29 - DEBUG - write_channel: b'!\n'
2026-05-19 16:29:29 - DEBUG - read_channel: 
2026-05-19 16:29:29 - DEBUG - read_channel: 
2026-05-19 16:29:29 - DEBUG - read_channel: !
R3(config-if)#
2026-05-19 16:29:29 - DEBUG - Pattern found: (!) !
2026-05-19 16:29:29 - DEBUG - read_channel: 
2026-05-19 16:29:29 - DEBUG - Pattern found: ((?:R3.*$|#.*$)) 
R3(config-if)#
2026-05-19 16:29:29 - DEBUG - write_channel: b'interface GigabitEthernet1\n'
2026-05-19 16:29:29 - DEBUG - read_channel: 
2026-05-19 16:29:29 - DEBUG - read_channel: 
2026-05-19 16:29:29 - DEBUG - read_channel: 
2026-05-19 16:29:29 - DEBUG - read_channel: 
2026-05-19 16:29:29 - DEBUG - read_channel: 
2026-05-19 16:29:29 - DEBUG - read_channel: int
2026-05-19 16:29:29 - DEBUG - read_channel: erfa
2026-05-19 16:29:29 - DEBUG - read_channel: 
2026-05-19 16:29:29 - DEBUG - read_channel: ce
2026-05-19 16:29:29 - DEBUG - read_channel:  Gig
2026-05-19 16:29:29 - DEBUG - read_channel: ab
2026-05-19 16:29:29 - DEBUG - read_channel: it
2026-05-19 16:29:29 - DEBUG - read_channel: Eth
2026-05-19 16:29:29 - DEBUG - read_channel: e
2026-05-19 16:29:29 - DEBUG - read_channel: rnet1

2026-05-19 16:29:29 - DEBUG - Pattern found: (interface\ GigabitEthernet1) interface GigabitEthernet1
2026-05-19 16:29:29 - DEBUG - read_channel: 
2026-05-19 16:29:29 - DEBUG - read_channel: R3(config-if)#
2026-05-19 16:29:29 - DEBUG - Pattern found: ((?:R3.*$|#.*$)) 
R3(config-if)#
2026-05-19 16:29:29 - DEBUG - write_channel: b' no shutdown\n'
2026-05-19 16:29:29 - DEBUG - read_channel: 
2026-05-19 16:29:29 - DEBUG - read_channel:  no
2026-05-19 16:29:29 - DEBUG - read_channel:  shutdo
2026-05-19 16:29:29 - DEBUG - read_channel: wn
R3(config-if)#
2026-05-19 16:29:29 - DEBUG - Pattern found: (no\ shutdown)  no shutdown
2026-05-19 16:29:29 - DEBUG - read_channel: 
2026-05-19 16:29:29 - DEBUG - Pattern found: ((?:R3.*$|#.*$)) 
R3(config-if)#
2026-05-19 16:29:29 - DEBUG - write_channel: b'!\n'
2026-05-19 16:29:29 - DEBUG - read_channel: 
2026-05-19 16:29:29 - DEBUG - read_channel: 
2026-05-19 16:29:29 - DEBUG - read_channel: !
R3(config-if)#
2026-05-19 16:29:29 - DEBUG - Pattern found: (!) !
2026-05-19 16:29:29 - DEBUG - read_channel: 
2026-05-19 16:29:29 - DEBUG - Pattern found: ((?:R3.*$|#.*$)) 
R3(config-if)#
2026-05-19 16:29:29 - DEBUG - write_channel: b'router rip\n'
2026-05-19 16:29:29 - DEBUG - read_channel: 
2026-05-19 16:29:29 - DEBUG - read_channel: 
2026-05-19 16:29:29 - DEBUG - read_channel: router 
2026-05-19 16:29:29 - DEBUG - read_channel: 
2026-05-19 16:29:29 - DEBUG - read_channel: rip
2026-05-19 16:29:29 - DEBUG - Pattern found: (router\ rip) router rip
2026-05-19 16:29:29 - DEBUG - read_channel: 
2026-05-19 16:29:29 - DEBUG - read_channel: 
R3(config-router)#
2026-05-19 16:29:29 - DEBUG - Pattern found: ((?:R3.*$|#.*$)) 
R3(config-router)#
2026-05-19 16:29:29 - DEBUG - write_channel: b' version 2\n'
2026-05-19 16:29:29 - DEBUG - read_channel: 
2026-05-19 16:29:29 - DEBUG - read_channel: 
2026-05-19 16:29:29 - DEBUG - read_channel: 
2026-05-19 16:29:29 - DEBUG - read_channel:  versio
2026-05-19 16:29:29 - DEBUG - read_channel: n 2
R3(config-router)#
2026-05-19 16:29:29 - DEBUG - Pattern found: (version\ 2)  version 2
2026-05-19 16:29:29 - DEBUG - read_channel: 
2026-05-19 16:29:29 - DEBUG - Pattern found: ((?:R3.*$|#.*$)) 
R3(config-router)#
2026-05-19 16:29:29 - DEBUG - write_channel: b' no auto-summary\n'
2026-05-19 16:29:29 - DEBUG - read_channel: 
2026-05-19 16:29:29 - DEBUG - read_channel:  n
2026-05-19 16:29:29 - DEBUG - read_channel: o auto
2026-05-19 16:29:29 - DEBUG - read_channel: -summ
2026-05-19 16:29:29 - DEBUG - read_channel: ar
2026-05-19 16:29:29 - DEBUG - read_channel: y
R3(config-router)#
2026-05-19 16:29:29 - DEBUG - Pattern found: (no\ auto\-summary)  no auto-summary
2026-05-19 16:29:29 - DEBUG - read_channel: 
2026-05-19 16:29:29 - DEBUG - Pattern found: ((?:R3.*$|#.*$)) 
R3(config-router)#
2026-05-19 16:29:29 - DEBUG - write_channel: b' exit\n'
2026-05-19 16:29:29 - DEBUG - read_channel: 
2026-05-19 16:29:29 - DEBUG - read_channel: 
2026-05-19 16:29:29 - DEBUG - read_channel:  ex
2026-05-19 16:29:29 - DEBUG - read_channel: it
R3(config)#
2026-05-19 16:29:29 - DEBUG - Pattern found: (exit)  exit
2026-05-19 16:29:29 - DEBUG - read_channel: 
2026-05-19 16:29:29 - DEBUG - Pattern found: ((?:R3.*$|#.*$)) 
R3(config)#
2026-05-19 16:29:29 - DEBUG - write_channel: b'!\n'
2026-05-19 16:29:29 - DEBUG - read_channel: 
2026-05-19 16:29:29 - DEBUG - read_channel: 
2026-05-19 16:29:29 - DEBUG - read_channel: !
2026-05-19 16:29:29 - DEBUG - Pattern found: (!) !
2026-05-19 16:29:29 - DEBUG - read_channel: 
2026-05-19 16:29:29 - DEBUG - read_channel: 
R3(config)#
2026-05-19 16:29:29 - DEBUG - Pattern found: ((?:R3.*$|#.*$)) 
R3(config)#
2026-05-19 16:29:29 - DEBUG - write_channel: b'line vty 0 4\n'
2026-05-19 16:29:29 - DEBUG - read_channel: 
2026-05-19 16:29:29 - DEBUG - read_channel: 
2026-05-19 16:29:29 - DEBUG - read_channel: lin
2026-05-19 16:29:29 - DEBUG - read_channel: e 
2026-05-19 16:29:29 - DEBUG - read_channel: vty 
2026-05-19 16:29:29 - DEBUG - read_channel: 
2026-05-19 16:29:29 - DEBUG - read_channel: 0 
2026-05-19 16:29:29 - DEBUG - read_channel: 4
R3(config-line)#
2026-05-19 16:29:29 - DEBUG - Pattern found: (line\ vty\ 0\ 4) line vty 0 4
2026-05-19 16:29:29 - DEBUG - read_channel: 
2026-05-19 16:29:29 - DEBUG - Pattern found: ((?:R3.*$|#.*$)) 
R3(config-line)#
2026-05-19 16:29:29 - DEBUG - write_channel: b' login local\n'
2026-05-19 16:29:29 - DEBUG - read_channel: 
2026-05-19 16:29:29 - DEBUG - read_channel:  l
2026-05-19 16:29:29 - DEBUG - read_channel: o
2026-05-19 16:29:29 - DEBUG - read_channel: gin
2026-05-19 16:29:29 - DEBUG - read_channel:  
2026-05-19 16:29:29 - DEBUG - read_channel: loca
2026-05-19 16:29:29 - DEBUG - read_channel: l
R3(config-line)#
2026-05-19 16:29:29 - DEBUG - Pattern found: (login\ local)  login local
2026-05-19 16:29:29 - DEBUG - read_channel: 
2026-05-19 16:29:29 - DEBUG - Pattern found: ((?:R3.*$|#.*$)) 
R3(config-line)#
2026-05-19 16:29:29 - DEBUG - write_channel: b' transport input all\n'
2026-05-19 16:29:29 - DEBUG - read_channel: 
2026-05-19 16:29:29 - DEBUG - read_channel: 
2026-05-19 16:29:29 - DEBUG - read_channel:  tr
2026-05-19 16:29:29 - DEBUG - read_channel: ansp
2026-05-19 16:29:29 - DEBUG - read_channel: 
2026-05-19 16:29:29 - DEBUG - read_channel: ort 
2026-05-19 16:29:29 - DEBUG - read_channel: inpu
2026-05-19 16:29:29 - DEBUG - read_channel: t 
2026-05-19 16:29:29 - DEBUG - read_channel: all

2026-05-19 16:29:29 - DEBUG - Pattern found: (transport\ input\ all)  transport input all
2026-05-19 16:29:29 - DEBUG - read_channel: 
2026-05-19 16:29:29 - DEBUG - read_channel: R3(config-line)#
2026-05-19 16:29:29 - DEBUG - Pattern found: ((?:R3.*$|#.*$)) 
R3(config-line)#
2026-05-19 16:29:29 - DEBUG - write_channel: b' exit\n'
2026-05-19 16:29:29 - DEBUG - read_channel: 
2026-05-19 16:29:29 - DEBUG - read_channel: 
2026-05-19 16:29:29 - DEBUG - read_channel: 
2026-05-19 16:29:29 - DEBUG - read_channel:  exit
R3(config)#
2026-05-19 16:29:29 - DEBUG - Pattern found: (exit)  exit
2026-05-19 16:29:29 - DEBUG - read_channel: 
2026-05-19 16:29:29 - DEBUG - Pattern found: ((?:R3.*$|#.*$)) 
R3(config)#
2026-05-19 16:29:29 - DEBUG - write_channel: b'\n'
2026-05-19 16:29:29 - DEBUG - read_channel: 
2026-05-19 16:29:29 - DEBUG - read_channel: 
2026-05-19 16:29:29 - DEBUG - read_channel: 
R3(config)#
2026-05-19 16:29:29 - DEBUG - Pattern found: ([>#]) 
R3(config)#
2026-05-19 16:29:29 - DEBUG - write_channel: b'end\n'
2026-05-19 16:29:29 - DEBUG - read_channel: 
2026-05-19 16:29:29 - DEBUG - read_channel: 
2026-05-19 16:29:29 - DEBUG - read_channel: en
2026-05-19 16:29:29 - DEBUG - read_channel: d
2026-05-19 16:29:29 - DEBUG - Pattern found: (end) end
2026-05-19 16:29:29 - DEBUG - read_channel: 
2026-05-19 16:29:29 - DEBUG - read_channel: 

2026-05-19 16:29:29 - DEBUG - read_channel: R3#
2026-05-19 16:29:29 - DEBUG - Pattern found: (#.*) 
R3#
2026-05-19 16:29:29 - DEBUG - write_channel: b'\n'
2026-05-19 16:29:29 - DEBUG - read_channel: 
2026-05-19 16:29:29 - DEBUG - read_channel: 
2026-05-19 16:29:29 - DEBUG - read_channel: 
2026-05-19 16:29:29 - DEBUG - read_channel: 
R3#
2026-05-19 16:29:29 - DEBUG - Pattern found: ([>#]) 
R3#
2026-05-19 16:29:29 - DEBUG - exit_config_mode: end
R3#
2026-05-19 16:29:29 - DEBUG - configure terminal
Enter configuration commands, one per line.  End with CNTL/Z.
R3(config)#hostname R3
R3(config)#no ip domain lookup
R3(config)#!
R3(config)#line con 0
R3(config-line)# logging synchronous
R3(config-line)# exit
R3(config)#!
R3(config)#interface Loopback0
R3(config-if)# ip address 150.1.3.3 255.255.255.255
R3(config-if)# no shutdown
R3(config-if)#!
R3(config-if)#interface GigabitEthernet1
R3(config-if)# no shutdown
R3(config-if)#!
R3(config-if)#router rip
R3(config-router)# version 2
R3(config-router)# no auto-summary
R3(config-router)# exit
R3(config)#!
R3(config)#line vty 0 4
R3(config-line)# login local
R3(config-line)# transport input all
R3(config-line)# exit
R3(config)#end
R3#
2026-05-19 16:29:29 - INFO - Config pushed to R3 successfully
2026-05-19 16:29:29 - DEBUG - Device output from R3:
configure terminal
Enter configuration commands, one per line.  End with CNTL/Z.
R3(config)#hostname R3
R3(config)#no ip domain lookup
R3(config)#!
R3(config)#line con 0
R3(config-line)# logging synchronous
R3(config-line)# exit
R3(config)#!
R3(config)#interface Loopback0
R3(config-if)# ip address 150.1.3.3 255.255.255.255
R3(config-if)# no shutdown
R3(config-if)#!
R3(config-if)#interface GigabitEthernet1
R3(config-if)# no shutdown
R3(config-if)#!
R3(config-if)#router rip
R3(config-router)# version 2
R3(config-router)# no auto-summary
R3(config-router)# exit
R3(config)#!
R3(config)#line vty 0 4
R3(config-line)# login local
R3(config-line)# transport input all
R3(config-line)# exit
R3(config)#end
R3#
2026-05-19 16:29:29 - DEBUG - write_channel: b'\n'
2026-05-19 16:29:29 - DEBUG - read_channel: 
2026-05-19 16:29:29 - DEBUG - read_channel: 
R3#
2026-05-19 16:29:29 - DEBUG - Pattern found: ([>#]) 
R3#
2026-05-19 16:29:29 - DEBUG - write_channel: b'exit\n'
2026-05-19 16:29:29 - INFO - Disconnected from R3 successfully
2026-05-19 16:29:29 - INFO - Script completed successfully
